This file contains any messages produced by compilers while
running configure, to aid debugging if configure makes a mistake.

It was created by nsis-ka configure 0.97, which was
generated by GNU Autoconf 2.69.  Invocation command line was

  $ ./configure --enable-nfq

## --------- ##
## Platform. ##
## --------- ##

hostname = luis-VirtualBox
uname -m = x86_64
uname -r = 3.13.0-32-generic
uname -s = Linux
uname -v = #57-Ubuntu SMP Tue Jul 15 03:51:08 UTC 2014

/usr/bin/uname -p = unknown
/bin/uname -X     = unknown

/bin/arch              = unknown
/usr/bin/arch -k       = unknown
/usr/convex/getsysinfo = unknown
/usr/bin/hostinfo      = unknown
/bin/machine           = unknown
/usr/bin/oslevel       = unknown
/bin/universe          = unknown

PATH: /usr/local/sbin
PATH: /usr/local/bin
PATH: /usr/sbin
PATH: /usr/bin
PATH: /sbin
PATH: /bin


## ----------- ##
## Core tests. ##
## ----------- ##

configure:2350: checking for a BSD-compatible install
configure:2418: result: /usr/bin/install -c
configure:2429: checking whether build environment is sane
configure:2484: result: yes
configure:2522: WARNING: 'missing' script is too old or missing
configure:2635: checking for a thread-safe mkdir -p
configure:2674: result: /bin/mkdir -p
configure:2681: checking for gawk
configure:2697: found /usr/bin/gawk
configure:2708: result: gawk
configure:2719: checking whether make sets $(MAKE)
configure:2741: result: yes
configure:2770: checking whether make supports nested variables
configure:2787: result: yes
configure:2972: checking for g++
configure:2988: found /usr/bin/g++
configure:2999: result: g++
configure:3026: checking for C++ compiler version
configure:3035: g++ --version >&5
g++ (Ubuntu 4.8.2-19ubuntu1) 4.8.2
Copyright (C) 2013 Free Software Foundation, Inc.
This is free software; see the source for copying conditions.  There is NO
warranty; not even for MERCHANTABILITY or FITNESS FOR A PARTICULAR PURPOSE.

configure:3046: $? = 0
configure:3035: g++ -v >&5
Using built-in specs.
COLLECT_GCC=g++
COLLECT_LTO_WRAPPER=/usr/lib/gcc/x86_64-linux-gnu/4.8/lto-wrapper
Target: x86_64-linux-gnu
Configured with: ../src/configure -v --with-pkgversion='Ubuntu 4.8.2-19ubuntu1' --with-bugurl=file:///usr/share/doc/gcc-4.8/README.Bugs --enable-languages=c,c++,java,go,d,fortran,objc,obj-c++ --prefix=/usr --program-suffix=-4.8 --enable-shared --enable-linker-build-id --libexecdir=/usr/lib --without-included-gettext --enable-threads=posix --with-gxx-include-dir=/usr/include/c++/4.8 --libdir=/usr/lib --enable-nls --with-sysroot=/ --enable-clocale=gnu --enable-libstdcxx-debug --enable-libstdcxx-time=yes --enable-gnu-unique-object --disable-libmudflap --enable-plugin --with-system-zlib --disable-browser-plugin --enable-java-awt=gtk --enable-gtk-cairo --with-java-home=/usr/lib/jvm/java-1.5.0-gcj-4.8-amd64/jre --enable-java-home --with-jvm-root-dir=/usr/lib/jvm/java-1.5.0-gcj-4.8-amd64 --with-jvm-jar-dir=/usr/lib/jvm-exports/java-1.5.0-gcj-4.8-amd64 --with-arch-directory=amd64 --with-ecj-jar=/usr/share/java/eclipse-ecj.jar --enable-objc-gc --enable-multiarch --disable-werror --with-arch-32=i686 --with-abi=m64 --with-multilib-list=m32,m64,mx32 --with-tune=generic --enable-checking=release --build=x86_64-linux-gnu --host=x86_64-linux-gnu --target=x86_64-linux-gnu
Thread model: posix
gcc version 4.8.2 (Ubuntu 4.8.2-19ubuntu1) 
configure:3046: $? = 0
configure:3035: g++ -V >&5
g++: error: unrecognized command line option '-V'
g++: fatal error: no input files
compilation terminated.
configure:3046: $? = 4
configure:3035: g++ -qversion >&5
g++: error: unrecognized command line option '-qversion'
g++: fatal error: no input files
compilation terminated.
configure:3046: $? = 4
configure:3066: checking whether the C++ compiler works
configure:3088: g++    conftest.cpp  >&5
configure:3092: $? = 0
configure:3140: result: yes
configure:3143: checking for C++ compiler default output file name
configure:3145: result: a.out
configure:3151: checking for suffix of executables
configure:3158: g++ -o conftest    conftest.cpp  >&5
configure:3162: $? = 0
configure:3184: result: 
configure:3206: checking whether we are cross compiling
configure:3214: g++ -o conftest    conftest.cpp  >&5
configure:3218: $? = 0
configure:3225: ./conftest
configure:3229: $? = 0
configure:3244: result: no
configure:3249: checking for suffix of object files
configure:3271: g++ -c   conftest.cpp >&5
configure:3275: $? = 0
configure:3296: result: o
configure:3300: checking whether we are using the GNU C++ compiler
configure:3319: g++ -c   conftest.cpp >&5
configure:3319: $? = 0
configure:3328: result: yes
configure:3337: checking whether g++ accepts -g
configure:3357: g++ -c -g  conftest.cpp >&5
configure:3357: $? = 0
configure:3398: result: yes
configure:3432: checking for style of include used by make
configure:3460: result: GNU
configure:3486: checking dependency style of g++
configure:3597: result: gcc3
configure:3660: checking for gcc
configure:3676: found /usr/bin/gcc
configure:3687: result: gcc
configure:3916: checking for C compiler version
configure:3925: gcc --version >&5
gcc (Ubuntu 4.8.2-19ubuntu1) 4.8.2
Copyright (C) 2013 Free Software Foundation, Inc.
This is free software; see the source for copying conditions.  There is NO
warranty; not even for MERCHANTABILITY or FITNESS FOR A PARTICULAR PURPOSE.

configure:3936: $? = 0
configure:3925: gcc -v >&5
Using built-in specs.
COLLECT_GCC=gcc
COLLECT_LTO_WRAPPER=/usr/lib/gcc/x86_64-linux-gnu/4.8/lto-wrapper
Target: x86_64-linux-gnu
Configured with: ../src/configure -v --with-pkgversion='Ubuntu 4.8.2-19ubuntu1' --with-bugurl=file:///usr/share/doc/gcc-4.8/README.Bugs --enable-languages=c,c++,java,go,d,fortran,objc,obj-c++ --prefix=/usr --program-suffix=-4.8 --enable-shared --enable-linker-build-id --libexecdir=/usr/lib --without-included-gettext --enable-threads=posix --with-gxx-include-dir=/usr/include/c++/4.8 --libdir=/usr/lib --enable-nls --with-sysroot=/ --enable-clocale=gnu --enable-libstdcxx-debug --enable-libstdcxx-time=yes --enable-gnu-unique-object --disable-libmudflap --enable-plugin --with-system-zlib --disable-browser-plugin --enable-java-awt=gtk --enable-gtk-cairo --with-java-home=/usr/lib/jvm/java-1.5.0-gcj-4.8-amd64/jre --enable-java-home --with-jvm-root-dir=/usr/lib/jvm/java-1.5.0-gcj-4.8-amd64 --with-jvm-jar-dir=/usr/lib/jvm-exports/java-1.5.0-gcj-4.8-amd64 --with-arch-directory=amd64 --with-ecj-jar=/usr/share/java/eclipse-ecj.jar --enable-objc-gc --enable-multiarch --disable-werror --with-arch-32=i686 --with-abi=m64 --with-multilib-list=m32,m64,mx32 --with-tune=generic --enable-checking=release --build=x86_64-linux-gnu --host=x86_64-linux-gnu --target=x86_64-linux-gnu
Thread model: posix
gcc version 4.8.2 (Ubuntu 4.8.2-19ubuntu1) 
configure:3936: $? = 0
configure:3925: gcc -V >&5
gcc: error: unrecognized command line option '-V'
gcc: fatal error: no input files
compilation terminated.
configure:3936: $? = 4
configure:3925: gcc -qversion >&5
gcc: error: unrecognized command line option '-qversion'
gcc: fatal error: no input files
compilation terminated.
configure:3936: $? = 4
configure:3940: checking whether we are using the GNU C compiler
configure:3959: gcc -c   conftest.c >&5
configure:3959: $? = 0
configure:3968: result: yes
configure:3977: checking whether gcc accepts -g
configure:3997: gcc -c -g  conftest.c >&5
configure:3997: $? = 0
configure:4038: result: yes
configure:4055: checking for gcc option to accept ISO C89
configure:4118: gcc  -c -g -O2  conftest.c >&5
configure:4118: $? = 0
configure:4131: result: none needed
configure:4156: checking whether gcc understands -c and -o together
configure:4178: gcc -c conftest.c -o conftest2.o
configure:4181: $? = 0
configure:4178: gcc -c conftest.c -o conftest2.o
configure:4181: $? = 0
configure:4193: result: yes
configure:4212: checking dependency style of gcc
configure:4323: result: gcc3
configure:4338: checking whether make sets $(MAKE)
configure:4360: result: yes
configure:4374: checking how to run the C preprocessor
configure:4405: gcc -E  conftest.c
configure:4405: $? = 0
configure:4419: gcc -E  conftest.c
conftest.c:11:28: fatal error: ac_nonexistent.h: No such file or directory
 #include <ac_nonexistent.h>
                            ^
compilation terminated.
configure:4419: $? = 1
configure: failed program was:
| /* confdefs.h */
| #define PACKAGE_NAME "nsis-ka"
| #define PACKAGE_TARNAME "nsis-ka"
| #define PACKAGE_VERSION "0.97"
| #define PACKAGE_STRING "nsis-ka 0.97"
| #define PACKAGE_BUGREPORT "roland.bless@kit.edu"
| #define PACKAGE_URL ""
| #define PACKAGE "nsis-ka"
| #define VERSION "0.97"
| /* end confdefs.h.  */
| #include <ac_nonexistent.h>
configure:4444: result: gcc -E
configure:4464: gcc -E  conftest.c
configure:4464: $? = 0
configure:4478: gcc -E  conftest.c
conftest.c:11:28: fatal error: ac_nonexistent.h: No such file or directory
 #include <ac_nonexistent.h>
                            ^
compilation terminated.
configure:4478: $? = 1
configure: failed program was:
| /* confdefs.h */
| #define PACKAGE_NAME "nsis-ka"
| #define PACKAGE_TARNAME "nsis-ka"
| #define PACKAGE_VERSION "0.97"
| #define PACKAGE_STRING "nsis-ka 0.97"
| #define PACKAGE_BUGREPORT "roland.bless@kit.edu"
| #define PACKAGE_URL ""
| #define PACKAGE "nsis-ka"
| #define VERSION "0.97"
| /* end confdefs.h.  */
| #include <ac_nonexistent.h>
configure:4520: checking for main in -lcppunit
configure:4539: gcc -o conftest -g -O2   conftest.c -lcppunit   >&5
configure:4539: $? = 0
configure:4548: result: yes
configure:4562: checking for grep that handles long lines and -e
configure:4620: result: /bin/grep
configure:4625: checking for egrep
configure:4687: result: /bin/grep -E
configure:4692: checking for ANSI C header files
configure:4712: gcc -c -g -O2  conftest.c >&5
configure:4712: $? = 0
configure:4785: gcc -o conftest -g -O2   conftest.c -lcppunit  >&5
configure:4785: $? = 0
configure:4785: ./conftest
configure:4785: $? = 0
configure:4796: result: yes
configure:4809: checking for sys/types.h
configure:4809: gcc -c -g -O2  conftest.c >&5
configure:4809: $? = 0
configure:4809: result: yes
configure:4809: checking for sys/stat.h
configure:4809: gcc -c -g -O2  conftest.c >&5
configure:4809: $? = 0
configure:4809: result: yes
configure:4809: checking for stdlib.h
configure:4809: gcc -c -g -O2  conftest.c >&5
configure:4809: $? = 0
configure:4809: result: yes
configure:4809: checking for string.h
configure:4809: gcc -c -g -O2  conftest.c >&5
configure:4809: $? = 0
configure:4809: result: yes
configure:4809: checking for memory.h
configure:4809: gcc -c -g -O2  conftest.c >&5
configure:4809: $? = 0
configure:4809: result: yes
configure:4809: checking for strings.h
configure:4809: gcc -c -g -O2  conftest.c >&5
configure:4809: $? = 0
configure:4809: result: yes
configure:4809: checking for inttypes.h
configure:4809: gcc -c -g -O2  conftest.c >&5
configure:4809: $? = 0
configure:4809: result: yes
configure:4809: checking for stdint.h
configure:4809: gcc -c -g -O2  conftest.c >&5
configure:4809: $? = 0
configure:4809: result: yes
configure:4809: checking for unistd.h
configure:4809: gcc -c -g -O2  conftest.c >&5
configure:4809: $? = 0
configure:4809: result: yes
configure:4824: checking arpa/inet.h usability
configure:4824: gcc -c -g -O2  conftest.c >&5
configure:4824: $? = 0
configure:4824: result: yes
configure:4824: checking arpa/inet.h presence
configure:4824: gcc -E  conftest.c
configure:4824: $? = 0
configure:4824: result: yes
configure:4824: checking for arpa/inet.h
configure:4824: result: yes
configure:4824: checking netdb.h usability
configure:4824: gcc -c -g -O2  conftest.c >&5
configure:4824: $? = 0
configure:4824: result: yes
configure:4824: checking netdb.h presence
configure:4824: gcc -E  conftest.c
configure:4824: $? = 0
configure:4824: result: yes
configure:4824: checking for netdb.h
configure:4824: result: yes
configure:4824: checking netinet/in.h usability
configure:4824: gcc -c -g -O2  conftest.c >&5
configure:4824: $? = 0
configure:4824: result: yes
configure:4824: checking netinet/in.h presence
configure:4824: gcc -E  conftest.c
configure:4824: $? = 0
configure:4824: result: yes
configure:4824: checking for netinet/in.h
configure:4824: result: yes
configure:4824: checking for stdlib.h
configure:4824: result: yes
configure:4824: checking for string.h
configure:4824: result: yes
configure:4824: checking sys/param.h usability
configure:4824: gcc -c -g -O2  conftest.c >&5
configure:4824: $? = 0
configure:4824: result: yes
configure:4824: checking sys/param.h presence
configure:4824: gcc -E  conftest.c
configure:4824: $? = 0
configure:4824: result: yes
configure:4824: checking for sys/param.h
configure:4824: result: yes
configure:4824: checking sys/socket.h usability
configure:4824: gcc -c -g -O2  conftest.c >&5
configure:4824: $? = 0
configure:4824: result: yes
configure:4824: checking sys/socket.h presence
configure:4824: gcc -E  conftest.c
configure:4824: $? = 0
configure:4824: result: yes
configure:4824: checking for sys/socket.h
configure:4824: result: yes
configure:4824: checking sys/time.h usability
configure:4824: gcc -c -g -O2  conftest.c >&5
configure:4824: $? = 0
configure:4824: result: yes
configure:4824: checking sys/time.h presence
configure:4824: gcc -E  conftest.c
configure:4824: $? = 0
configure:4824: result: yes
configure:4824: checking for sys/time.h
configure:4824: result: yes
configure:4824: checking for unistd.h
configure:4824: result: yes
configure:4836: checking for stdbool.h that conforms to C99
configure:4903: gcc -c -g -O2  conftest.c >&5
configure:4903: $? = 0
configure:4910: result: yes
configure:4912: checking for _Bool
configure:4912: gcc -c -g -O2  conftest.c >&5
configure:4912: $? = 0
configure:4912: gcc -c -g -O2  conftest.c >&5
conftest.c: In function 'main':
conftest.c:67:20: error: expected expression before ')' token
 if (sizeof ((_Bool)))
                    ^
configure:4912: $? = 1
configure: failed program was:
| /* confdefs.h */
| #define PACKAGE_NAME "nsis-ka"
| #define PACKAGE_TARNAME "nsis-ka"
| #define PACKAGE_VERSION "0.97"
| #define PACKAGE_STRING "nsis-ka 0.97"
| #define PACKAGE_BUGREPORT "roland.bless@kit.edu"
| #define PACKAGE_URL ""
| #define PACKAGE "nsis-ka"
| #define VERSION "0.97"
| #define HAVE_LIBCPPUNIT 1
| #define STDC_HEADERS 1
| #define HAVE_SYS_TYPES_H 1
| #define HAVE_SYS_STAT_H 1
| #define HAVE_STDLIB_H 1
| #define HAVE_STRING_H 1
| #define HAVE_MEMORY_H 1
| #define HAVE_STRINGS_H 1
| #define HAVE_INTTYPES_H 1
| #define HAVE_STDINT_H 1
| #define HAVE_UNISTD_H 1
| #define HAVE_ARPA_INET_H 1
| #define HAVE_NETDB_H 1
| #define HAVE_NETINET_IN_H 1
| #define HAVE_STDLIB_H 1
| #define HAVE_STRING_H 1
| #define HAVE_SYS_PARAM_H 1
| #define HAVE_SYS_SOCKET_H 1
| #define HAVE_SYS_TIME_H 1
| #define HAVE_UNISTD_H 1
| /* end confdefs.h.  */
| #include <stdio.h>
| #ifdef HAVE_SYS_TYPES_H
| # include <sys/types.h>
| #endif
| #ifdef HAVE_SYS_STAT_H
| # include <sys/stat.h>
| #endif
| #ifdef STDC_HEADERS
| # include <stdlib.h>
| # include <stddef.h>
| #else
| # ifdef HAVE_STDLIB_H
| #  include <stdlib.h>
| # endif
| #endif
| #ifdef HAVE_STRING_H
| # if !defined STDC_HEADERS && defined HAVE_MEMORY_H
| #  include <memory.h>
| # endif
| # include <string.h>
| #endif
| #ifdef HAVE_STRINGS_H
| # include <strings.h>
| #endif
| #ifdef HAVE_INTTYPES_H
| # include <inttypes.h>
| #endif
| #ifdef HAVE_STDINT_H
| # include <stdint.h>
| #endif
| #ifdef HAVE_UNISTD_H
| # include <unistd.h>
| #endif
| int
| main ()
| {
| if (sizeof ((_Bool)))
| 	    return 0;
|   ;
|   return 0;
| }
configure:4912: result: yes
configure:4929: checking for an ANSI C-conforming const
configure:4995: gcc -c -g -O2  conftest.c >&5
configure:4995: $? = 0
configure:5002: result: yes
configure:5010: checking for inline
configure:5026: gcc -c -g -O2  conftest.c >&5
configure:5026: $? = 0
configure:5034: result: inline
configure:5052: checking for mode_t
configure:5052: gcc -c -g -O2  conftest.c >&5
configure:5052: $? = 0
configure:5052: gcc -c -g -O2  conftest.c >&5
conftest.c: In function 'main':
conftest.c:69:21: error: expected expression before ')' token
 if (sizeof ((mode_t)))
                     ^
configure:5052: $? = 1
configure: failed program was:
| /* confdefs.h */
| #define PACKAGE_NAME "nsis-ka"
| #define PACKAGE_TARNAME "nsis-ka"
| #define PACKAGE_VERSION "0.97"
| #define PACKAGE_STRING "nsis-ka 0.97"
| #define PACKAGE_BUGREPORT "roland.bless@kit.edu"
| #define PACKAGE_URL ""
| #define PACKAGE "nsis-ka"
| #define VERSION "0.97"
| #define HAVE_LIBCPPUNIT 1
| #define STDC_HEADERS 1
| #define HAVE_SYS_TYPES_H 1
| #define HAVE_SYS_STAT_H 1
| #define HAVE_STDLIB_H 1
| #define HAVE_STRING_H 1
| #define HAVE_MEMORY_H 1
| #define HAVE_STRINGS_H 1
| #define HAVE_INTTYPES_H 1
| #define HAVE_STDINT_H 1
| #define HAVE_UNISTD_H 1
| #define HAVE_ARPA_INET_H 1
| #define HAVE_NETDB_H 1
| #define HAVE_NETINET_IN_H 1
| #define HAVE_STDLIB_H 1
| #define HAVE_STRING_H 1
| #define HAVE_SYS_PARAM_H 1
| #define HAVE_SYS_SOCKET_H 1
| #define HAVE_SYS_TIME_H 1
| #define HAVE_UNISTD_H 1
| #define HAVE__BOOL 1
| #define HAVE_STDBOOL_H 1
| /* end confdefs.h.  */
| #include <stdio.h>
| #ifdef HAVE_SYS_TYPES_H
| # include <sys/types.h>
| #endif
| #ifdef HAVE_SYS_STAT_H
| # include <sys/stat.h>
| #endif
| #ifdef STDC_HEADERS
| # include <stdlib.h>
| # include <stddef.h>
| #else
| # ifdef HAVE_STDLIB_H
| #  include <stdlib.h>
| # endif
| #endif
| #ifdef HAVE_STRING_H
| # if !defined STDC_HEADERS && defined HAVE_MEMORY_H
| #  include <memory.h>
| # endif
| # include <string.h>
| #endif
| #ifdef HAVE_STRINGS_H
| # include <strings.h>
| #endif
| #ifdef HAVE_INTTYPES_H
| # include <inttypes.h>
| #endif
| #ifdef HAVE_STDINT_H
| # include <stdint.h>
| #endif
| #ifdef HAVE_UNISTD_H
| # include <unistd.h>
| #endif
| int
| main ()
| {
| if (sizeof ((mode_t)))
| 	    return 0;
|   ;
|   return 0;
| }
configure:5052: result: yes
configure:5063: checking for pid_t
configure:5063: gcc -c -g -O2  conftest.c >&5
configure:5063: $? = 0
configure:5063: gcc -c -g -O2  conftest.c >&5
conftest.c: In function 'main':
conftest.c:69:20: error: expected expression before ')' token
 if (sizeof ((pid_t)))
                    ^
configure:5063: $? = 1
configure: failed program was:
| /* confdefs.h */
| #define PACKAGE_NAME "nsis-ka"
| #define PACKAGE_TARNAME "nsis-ka"
| #define PACKAGE_VERSION "0.97"
| #define PACKAGE_STRING "nsis-ka 0.97"
| #define PACKAGE_BUGREPORT "roland.bless@kit.edu"
| #define PACKAGE_URL ""
| #define PACKAGE "nsis-ka"
| #define VERSION "0.97"
| #define HAVE_LIBCPPUNIT 1
| #define STDC_HEADERS 1
| #define HAVE_SYS_TYPES_H 1
| #define HAVE_SYS_STAT_H 1
| #define HAVE_STDLIB_H 1
| #define HAVE_STRING_H 1
| #define HAVE_MEMORY_H 1
| #define HAVE_STRINGS_H 1
| #define HAVE_INTTYPES_H 1
| #define HAVE_STDINT_H 1
| #define HAVE_UNISTD_H 1
| #define HAVE_ARPA_INET_H 1
| #define HAVE_NETDB_H 1
| #define HAVE_NETINET_IN_H 1
| #define HAVE_STDLIB_H 1
| #define HAVE_STRING_H 1
| #define HAVE_SYS_PARAM_H 1
| #define HAVE_SYS_SOCKET_H 1
| #define HAVE_SYS_TIME_H 1
| #define HAVE_UNISTD_H 1
| #define HAVE__BOOL 1
| #define HAVE_STDBOOL_H 1
| /* end confdefs.h.  */
| #include <stdio.h>
| #ifdef HAVE_SYS_TYPES_H
| # include <sys/types.h>
| #endif
| #ifdef HAVE_SYS_STAT_H
| # include <sys/stat.h>
| #endif
| #ifdef STDC_HEADERS
| # include <stdlib.h>
| # include <stddef.h>
| #else
| # ifdef HAVE_STDLIB_H
| #  include <stdlib.h>
| # endif
| #endif
| #ifdef HAVE_STRING_H
| # if !defined STDC_HEADERS && defined HAVE_MEMORY_H
| #  include <memory.h>
| # endif
| # include <string.h>
| #endif
| #ifdef HAVE_STRINGS_H
| # include <strings.h>
| #endif
| #ifdef HAVE_INTTYPES_H
| # include <inttypes.h>
| #endif
| #ifdef HAVE_STDINT_H
| # include <stdint.h>
| #endif
| #ifdef HAVE_UNISTD_H
| # include <unistd.h>
| #endif
| int
| main ()
| {
| if (sizeof ((pid_t)))
| 	    return 0;
|   ;
|   return 0;
| }
configure:5063: result: yes
configure:5074: checking for size_t
configure:5074: gcc -c -g -O2  conftest.c >&5
configure:5074: $? = 0
configure:5074: gcc -c -g -O2  conftest.c >&5
conftest.c: In function 'main':
conftest.c:69:21: error: expected expression before ')' token
 if (sizeof ((size_t)))
                     ^
configure:5074: $? = 1
configure: failed program was:
| /* confdefs.h */
| #define PACKAGE_NAME "nsis-ka"
| #define PACKAGE_TARNAME "nsis-ka"
| #define PACKAGE_VERSION "0.97"
| #define PACKAGE_STRING "nsis-ka 0.97"
| #define PACKAGE_BUGREPORT "roland.bless@kit.edu"
| #define PACKAGE_URL ""
| #define PACKAGE "nsis-ka"
| #define VERSION "0.97"
| #define HAVE_LIBCPPUNIT 1
| #define STDC_HEADERS 1
| #define HAVE_SYS_TYPES_H 1
| #define HAVE_SYS_STAT_H 1
| #define HAVE_STDLIB_H 1
| #define HAVE_STRING_H 1
| #define HAVE_MEMORY_H 1
| #define HAVE_STRINGS_H 1
| #define HAVE_INTTYPES_H 1
| #define HAVE_STDINT_H 1
| #define HAVE_UNISTD_H 1
| #define HAVE_ARPA_INET_H 1
| #define HAVE_NETDB_H 1
| #define HAVE_NETINET_IN_H 1
| #define HAVE_STDLIB_H 1
| #define HAVE_STRING_H 1
| #define HAVE_SYS_PARAM_H 1
| #define HAVE_SYS_SOCKET_H 1
| #define HAVE_SYS_TIME_H 1
| #define HAVE_UNISTD_H 1
| #define HAVE__BOOL 1
| #define HAVE_STDBOOL_H 1
| /* end confdefs.h.  */
| #include <stdio.h>
| #ifdef HAVE_SYS_TYPES_H
| # include <sys/types.h>
| #endif
| #ifdef HAVE_SYS_STAT_H
| # include <sys/stat.h>
| #endif
| #ifdef STDC_HEADERS
| # include <stdlib.h>
| # include <stddef.h>
| #else
| # ifdef HAVE_STDLIB_H
| #  include <stdlib.h>
| # endif
| #endif
| #ifdef HAVE_STRING_H
| # if !defined STDC_HEADERS && defined HAVE_MEMORY_H
| #  include <memory.h>
| # endif
| # include <string.h>
| #endif
| #ifdef HAVE_STRINGS_H
| # include <strings.h>
| #endif
| #ifdef HAVE_INTTYPES_H
| # include <inttypes.h>
| #endif
| #ifdef HAVE_STDINT_H
| # include <stdint.h>
| #endif
| #ifdef HAVE_UNISTD_H
| # include <unistd.h>
| #endif
| int
| main ()
| {
| if (sizeof ((size_t)))
| 	    return 0;
|   ;
|   return 0;
| }
configure:5074: result: yes
configure:5085: checking for ssize_t
configure:5085: gcc -c -g -O2  conftest.c >&5
configure:5085: $? = 0
configure:5085: gcc -c -g -O2  conftest.c >&5
conftest.c: In function 'main':
conftest.c:69:22: error: expected expression before ')' token
 if (sizeof ((ssize_t)))
                      ^
configure:5085: $? = 1
configure: failed program was:
| /* confdefs.h */
| #define PACKAGE_NAME "nsis-ka"
| #define PACKAGE_TARNAME "nsis-ka"
| #define PACKAGE_VERSION "0.97"
| #define PACKAGE_STRING "nsis-ka 0.97"
| #define PACKAGE_BUGREPORT "roland.bless@kit.edu"
| #define PACKAGE_URL ""
| #define PACKAGE "nsis-ka"
| #define VERSION "0.97"
| #define HAVE_LIBCPPUNIT 1
| #define STDC_HEADERS 1
| #define HAVE_SYS_TYPES_H 1
| #define HAVE_SYS_STAT_H 1
| #define HAVE_STDLIB_H 1
| #define HAVE_STRING_H 1
| #define HAVE_MEMORY_H 1
| #define HAVE_STRINGS_H 1
| #define HAVE_INTTYPES_H 1
| #define HAVE_STDINT_H 1
| #define HAVE_UNISTD_H 1
| #define HAVE_ARPA_INET_H 1
| #define HAVE_NETDB_H 1
| #define HAVE_NETINET_IN_H 1
| #define HAVE_STDLIB_H 1
| #define HAVE_STRING_H 1
| #define HAVE_SYS_PARAM_H 1
| #define HAVE_SYS_SOCKET_H 1
| #define HAVE_SYS_TIME_H 1
| #define HAVE_UNISTD_H 1
| #define HAVE__BOOL 1
| #define HAVE_STDBOOL_H 1
| /* end confdefs.h.  */
| #include <stdio.h>
| #ifdef HAVE_SYS_TYPES_H
| # include <sys/types.h>
| #endif
| #ifdef HAVE_SYS_STAT_H
| # include <sys/stat.h>
| #endif
| #ifdef STDC_HEADERS
| # include <stdlib.h>
| # include <stddef.h>
| #else
| # ifdef HAVE_STDLIB_H
| #  include <stdlib.h>
| # endif
| #endif
| #ifdef HAVE_STRING_H
| # if !defined STDC_HEADERS && defined HAVE_MEMORY_H
| #  include <memory.h>
| # endif
| # include <string.h>
| #endif
| #ifdef HAVE_STRINGS_H
| # include <strings.h>
| #endif
| #ifdef HAVE_INTTYPES_H
| # include <inttypes.h>
| #endif
| #ifdef HAVE_STDINT_H
| # include <stdint.h>
| #endif
| #ifdef HAVE_UNISTD_H
| # include <unistd.h>
| #endif
| int
| main ()
| {
| if (sizeof ((ssize_t)))
| 	    return 0;
|   ;
|   return 0;
| }
configure:5085: result: yes
configure:5096: checking whether time.h and sys/time.h may both be included
configure:5116: gcc -c -g -O2  conftest.c >&5
configure:5116: $? = 0
configure:5123: result: yes
configure:5131: checking whether struct tm is in sys/time.h or time.h
configure:5151: gcc -c -g -O2  conftest.c >&5
configure:5151: $? = 0
configure:5158: result: time.h
configure:5166: checking for uint32_t
configure:5166: gcc -c -g -O2  conftest.c >&5
configure:5166: $? = 0
configure:5166: result: yes
configure:5182: checking for error_at_line
configure:5198: gcc -o conftest -g -O2   conftest.c -lcppunit  >&5
configure:5198: $? = 0
configure:5206: result: yes
configure:5217: checking for working memcmp
configure:5260: gcc -o conftest -g -O2   conftest.c -lcppunit  >&5
configure:5260: $? = 0
configure:5260: ./conftest
configure:5260: $? = 0
configure:5270: result: yes
configure:5279: checking return type of signal handlers
configure:5297: gcc -c -g -O2  conftest.c >&5
conftest.c: In function 'main':
conftest.c:40:1: error: void value not ignored as it ought to be
 return *(signal (0, 0)) (0) == 1;
 ^
configure:5297: $? = 1
configure: failed program was:
| /* confdefs.h */
| #define PACKAGE_NAME "nsis-ka"
| #define PACKAGE_TARNAME "nsis-ka"
| #define PACKAGE_VERSION "0.97"
| #define PACKAGE_STRING "nsis-ka 0.97"
| #define PACKAGE_BUGREPORT "roland.bless@kit.edu"
| #define PACKAGE_URL ""
| #define PACKAGE "nsis-ka"
| #define VERSION "0.97"
| #define HAVE_LIBCPPUNIT 1
| #define STDC_HEADERS 1
| #define HAVE_SYS_TYPES_H 1
| #define HAVE_SYS_STAT_H 1
| #define HAVE_STDLIB_H 1
| #define HAVE_STRING_H 1
| #define HAVE_MEMORY_H 1
| #define HAVE_STRINGS_H 1
| #define HAVE_INTTYPES_H 1
| #define HAVE_STDINT_H 1
| #define HAVE_UNISTD_H 1
| #define HAVE_ARPA_INET_H 1
| #define HAVE_NETDB_H 1
| #define HAVE_NETINET_IN_H 1
| #define HAVE_STDLIB_H 1
| #define HAVE_STRING_H 1
| #define HAVE_SYS_PARAM_H 1
| #define HAVE_SYS_SOCKET_H 1
| #define HAVE_SYS_TIME_H 1
| #define HAVE_UNISTD_H 1
| #define HAVE__BOOL 1
| #define HAVE_STDBOOL_H 1
| #define TIME_WITH_SYS_TIME 1
| /* end confdefs.h.  */
| #include <sys/types.h>
| #include <signal.h>
| 
| int
| main ()
| {
| return *(signal (0, 0)) (0) == 1;
|   ;
|   return 0;
| }
configure:5304: result: void
configure:5315: checking for gethostname
configure:5315: gcc -o conftest -g -O2   conftest.c -lcppunit  >&5
configure:5315: $? = 0
configure:5315: result: yes
configure:5315: checking for gettimeofday
configure:5315: gcc -o conftest -g -O2   conftest.c -lcppunit  >&5
configure:5315: $? = 0
configure:5315: result: yes
configure:5315: checking for memset
configure:5315: gcc -o conftest -g -O2   conftest.c -lcppunit  >&5
conftest.c:60:6: warning: conflicting types for built-in function 'memset' [enabled by default]
 char memset ();
      ^
configure:5315: $? = 0
configure:5315: result: yes
configure:5315: checking for socket
configure:5315: gcc -o conftest -g -O2   conftest.c -lcppunit  >&5
configure:5315: $? = 0
configure:5315: result: yes
configure:5315: checking for strerror
configure:5315: gcc -o conftest -g -O2   conftest.c -lcppunit  >&5
configure:5315: $? = 0
configure:5315: result: yes
configure:5368: checking for ranlib
configure:5384: found /usr/bin/ranlib
configure:5395: result: ranlib
configure:5428: checking whether unordered_map is available
configure:5444: g++ -c -std=c++0x  conftest.cpp >&5
configure:5444: $? = 0
configure:5451: result: yes
configure:5613: checking that generated files are newer than configure
configure:5619: result: done
configure:5650: creating ./config.status

## ---------------------- ##
## Running config.status. ##
## ---------------------- ##

This file was extended by nsis-ka config.status 0.97, which was
generated by GNU Autoconf 2.69.  Invocation command line was

  CONFIG_FILES    = 
  CONFIG_HEADERS  = 
  CONFIG_LINKS    = 
  CONFIG_COMMANDS = 
  $ ./config.status 

on luis-VirtualBox

config.status:789: creating Makefile
config.status:961: executing depfiles commands
configure:6845: === configuring in protlib (/home/luis/nsis-ka-0.97/protlib)
configure:6908: running /bin/bash ./configure --disable-option-checking '--prefix=/usr/local'  '--enable-nfq' --cache-file=/dev/null --srcdir=.
configure:6845: === configuring in ntlp (/home/luis/nsis-ka-0.97/ntlp)
configure:6908: running /bin/bash ./configure --disable-option-checking '--prefix=/usr/local'  '--enable-nfq' --cache-file=/dev/null --srcdir=.

## ---------------- ##
## Cache variables. ##
## ---------------- ##

ac_cv_c_compiler_gnu=yes
ac_cv_c_const=yes
ac_cv_c_inline=inline
ac_cv_c_uint32_t=yes
ac_cv_cxx_compiler_gnu=yes
ac_cv_env_CCC_set=
ac_cv_env_CCC_value=
ac_cv_env_CC_set=
ac_cv_env_CC_value=
ac_cv_env_CFLAGS_set=
ac_cv_env_CFLAGS_value=
ac_cv_env_CPPFLAGS_set=
ac_cv_env_CPPFLAGS_value=
ac_cv_env_CPP_set=
ac_cv_env_CPP_value=
ac_cv_env_CXXFLAGS_set=
ac_cv_env_CXXFLAGS_value=
ac_cv_env_CXX_set=
ac_cv_env_CXX_value=
ac_cv_env_LDFLAGS_set=
ac_cv_env_LDFLAGS_value=
ac_cv_env_LIBS_set=
ac_cv_env_LIBS_value=
ac_cv_env_build_alias_set=
ac_cv_env_build_alias_value=
ac_cv_env_host_alias_set=
ac_cv_env_host_alias_value=
ac_cv_env_target_alias_set=
ac_cv_env_target_alias_value=
ac_cv_func_gethostname=yes
ac_cv_func_gettimeofday=yes
ac_cv_func_memcmp_working=yes
ac_cv_func_memset=yes
ac_cv_func_socket=yes
ac_cv_func_strerror=yes
ac_cv_header_arpa_inet_h=yes
ac_cv_header_inttypes_h=yes
ac_cv_header_memory_h=yes
ac_cv_header_netdb_h=yes
ac_cv_header_netinet_in_h=yes
ac_cv_header_stdbool_h=yes
ac_cv_header_stdc=yes
ac_cv_header_stdint_h=yes
ac_cv_header_stdlib_h=yes
ac_cv_header_string_h=yes
ac_cv_header_strings_h=yes
ac_cv_header_sys_param_h=yes
ac_cv_header_sys_socket_h=yes
ac_cv_header_sys_stat_h=yes
ac_cv_header_sys_time_h=yes
ac_cv_header_sys_types_h=yes
ac_cv_header_time=yes
ac_cv_header_unistd_h=yes
ac_cv_lib_cppunit_main=yes
ac_cv_lib_error_at_line=yes
ac_cv_objext=o
ac_cv_path_EGREP='/bin/grep -E'
ac_cv_path_GREP=/bin/grep
ac_cv_path_install='/usr/bin/install -c'
ac_cv_path_mkdir=/bin/mkdir
ac_cv_prog_AWK=gawk
ac_cv_prog_CPP='gcc -E'
ac_cv_prog_ac_ct_CC=gcc
ac_cv_prog_ac_ct_CXX=g++
ac_cv_prog_ac_ct_RANLIB=ranlib
ac_cv_prog_cc_c89=
ac_cv_prog_cc_g=yes
ac_cv_prog_cxx_g=yes
ac_cv_prog_make_make_set=yes
ac_cv_struct_tm=time.h
ac_cv_type__Bool=yes
ac_cv_type_mode_t=yes
ac_cv_type_pid_t=yes
ac_cv_type_signal=void
ac_cv_type_size_t=yes
ac_cv_type_ssize_t=yes
ac_cv_unordered_map_exists=yes
am_cv_CC_dependencies_compiler_type=gcc3
am_cv_CXX_dependencies_compiler_type=gcc3
am_cv_make_support_nested_variables=yes
am_cv_prog_cc_c_o=yes

## ----------------- ##
## Output variables. ##
## ----------------- ##

ACLOCAL='aclocal-1.14'
AMDEPBACKSLASH='\'
AMDEP_FALSE='#'
AMDEP_TRUE=''
AMTAR='$${TAR-tar}'
AM_BACKSLASH='\'
AM_DEFAULT_V='$(AM_DEFAULT_VERBOSITY)'
AM_DEFAULT_VERBOSITY='1'
AM_V='$(V)'
AUTOCONF='autoconf'
AUTOHEADER='autoheader'
AUTOMAKE='automake-1.14'
AWK='gawk'
CC='gcc'
CCDEPMODE='depmode=gcc3'
CFLAGS='-g -O2'
CPP='gcc -E'
CPPFLAGS=''
CXX='g++'
CXXDEPMODE='depmode=gcc3'
CXXFLAGS='-g -O2'
CYGPATH_W='echo'
DEFS='-DPACKAGE_NAME=\"nsis-ka\" -DPACKAGE_TARNAME=\"nsis-ka\" -DPACKAGE_VERSION=\"0.97\" -DPACKAGE_STRING=\"nsis-ka\ 0.97\" -DPACKAGE_BUGREPORT=\"roland.bless@kit.edu\" -DPACKAGE_URL=\"\" -DPACKAGE=\"nsis-ka\" -DVERSION=\"0.97\" -DHAVE_LIBCPPUNIT=1 -DSTDC_HEADERS=1 -DHAVE_SYS_TYPES_H=1 -DHAVE_SYS_STAT_H=1 -DHAVE_STDLIB_H=1 -DHAVE_STRING_H=1 -DHAVE_MEMORY_H=1 -DHAVE_STRINGS_H=1 -DHAVE_INTTYPES_H=1 -DHAVE_STDINT_H=1 -DHAVE_UNISTD_H=1 -DHAVE_ARPA_INET_H=1 -DHAVE_NETDB_H=1 -DHAVE_NETINET_IN_H=1 -DHAVE_STDLIB_H=1 -DHAVE_STRING_H=1 -DHAVE_SYS_PARAM_H=1 -DHAVE_SYS_SOCKET_H=1 -DHAVE_SYS_TIME_H=1 -DHAVE_UNISTD_H=1 -DHAVE__BOOL=1 -DHAVE_STDBOOL_H=1 -DTIME_WITH_SYS_TIME=1 -DRETSIGTYPE=void -DHAVE_GETHOSTNAME=1 -DHAVE_GETTIMEOFDAY=1 -DHAVE_MEMSET=1 -DHAVE_SOCKET=1 -DHAVE_STRERROR=1'
DEPDIR='.deps'
ECHO_C=''
ECHO_N='-n'
ECHO_T=''
EGREP='/bin/grep -E'
EXEEXT=''
GIST_NO_WARN_HASHMAP_FALSE='#'
GIST_NO_WARN_HASHMAP_TRUE=''
GREP='/bin/grep'
INSTALL_DATA='${INSTALL} -m 644'
INSTALL_PROGRAM='${INSTALL}'
INSTALL_SCRIPT='${INSTALL}'
INSTALL_STRIP_PROGRAM='$(install_sh) -c -s'
LDFLAGS=''
LIBOBJS=''
LIBS='-lcppunit '
LTLIBOBJS=''
MAKEINFO='makeinfo'
MKDIR_P='/bin/mkdir -p'
OBJEXT='o'
PACKAGE='nsis-ka'
PACKAGE_BUGREPORT='roland.bless@kit.edu'
PACKAGE_NAME='nsis-ka'
PACKAGE_STRING='nsis-ka 0.97'
PACKAGE_TARNAME='nsis-ka'
PACKAGE_URL=''
PACKAGE_VERSION='0.97'
PATH_SEPARATOR=':'
RANLIB='ranlib'
SET_MAKE=''
SHELL='/bin/bash'
STRIP=''
VERSION='0.97'
ac_ct_CC='gcc'
ac_ct_CXX='g++'
am__EXEEXT_FALSE=''
am__EXEEXT_TRUE='#'
am__fastdepCC_FALSE='#'
am__fastdepCC_TRUE=''
am__fastdepCXX_FALSE='#'
am__fastdepCXX_TRUE=''
am__include='include'
am__isrc=''
am__leading_dot='.'
am__nodep='_no'
am__quote=''
am__tar='$${TAR-tar} chof - "$$tardir"'
am__untar='$${TAR-tar} xf -'
bindir='${exec_prefix}/bin'
build_alias=''
datadir='${datarootdir}'
datarootdir='${prefix}/share'
docdir='${datarootdir}/doc/${PACKAGE_TARNAME}'
dvidir='${docdir}'
exec_prefix='${prefix}'
host_alias=''
htmldir='${docdir}'
includedir='${prefix}/include'
infodir='${datarootdir}/info'
install_sh='${SHELL} /home/luis/nsis-ka-0.97/install-sh'
libdir='${exec_prefix}/lib'
libexecdir='${exec_prefix}/libexec'
localedir='${datarootdir}/locale'
localstatedir='${prefix}/var'
mandir='${datarootdir}/man'
mkdir_p='$(MKDIR_P)'
oldincludedir='/usr/include'
pdfdir='${docdir}'
prefix='/usr/local'
program_transform_name='s,x,x,'
psdir='${docdir}'
sbindir='${exec_prefix}/sbin'
sharedstatedir='${prefix}/com'
subdirs=' protlib ntlp'
sysconfdir='${prefix}/etc'
target_alias=''

## ----------- ##
## confdefs.h. ##
## ----------- ##

/* confdefs.h */
#define PACKAGE_NAME "nsis-ka"
#define PACKAGE_TARNAME "nsis-ka"
#define PACKAGE_VERSION "0.97"
#define PACKAGE_STRING "nsis-ka 0.97"
#define PACKAGE_BUGREPORT "roland.bless@kit.edu"
#define PACKAGE_URL ""
#define PACKAGE "nsis-ka"
#define VERSION "0.97"
#define HAVE_LIBCPPUNIT 1
#define STDC_HEADERS 1
#define HAVE_SYS_TYPES_H 1
#define HAVE_SYS_STAT_H 1
#define HAVE_STDLIB_H 1
#define HAVE_STRING_H 1
#define HAVE_MEMORY_H 1
#define HAVE_STRINGS_H 1
#define HAVE_INTTYPES_H 1
#define HAVE_STDINT_H 1
#define HAVE_UNISTD_H 1
#define HAVE_ARPA_INET_H 1
#define HAVE_NETDB_H 1
#define HAVE_NETINET_IN_H 1
#define HAVE_STDLIB_H 1
#define HAVE_STRING_H 1
#define HAVE_SYS_PARAM_H 1
#define HAVE_SYS_SOCKET_H 1
#define HAVE_SYS_TIME_H 1
#define HAVE_UNISTD_H 1
#define HAVE__BOOL 1
#define HAVE_STDBOOL_H 1
#define TIME_WITH_SYS_TIME 1
#define RETSIGTYPE void
#define HAVE_GETHOSTNAME 1
#define HAVE_GETTIMEOFDAY 1
#define HAVE_MEMSET 1
#define HAVE_SOCKET 1
#define HAVE_STRERROR 1

configure: exit 0
