This file contains any messages produced by compilers while
running configure, to aid debugging if configure makes a mistake.

It was created by protlib configure 0.0.0.5550, which was
generated by GNU Autoconf 2.69.  Invocation command line was

  $ ./configure --enable-nfq

## --------- ##
## Platform. ##
## --------- ##

hostname = luis-VirtualBox
uname -m = x86_64
uname -r = 3.13.0-32-generic
uname -s = Linux
uname -v = #57-Ubuntu SMP Tue Jul 15 03:51:08 UTC 2014

/usr/bin/uname -p = unknown
/bin/uname -X     = unknown

/bin/arch              = unknown
/usr/bin/arch -k       = unknown
/usr/convex/getsysinfo = unknown
/usr/bin/hostinfo      = unknown
/bin/machine           = unknown
/usr/bin/oslevel       = unknown
/bin/universe          = unknown

PATH: /usr/local/sbin
PATH: /usr/local/bin
PATH: /usr/sbin
PATH: /usr/bin
PATH: /sbin
PATH: /bin
PATH: /usr/games
PATH: /usr/local/games


## ----------- ##
## Core tests. ##
## ----------- ##

configure:2860: checking for a BSD-compatible install
configure:2928: result: /usr/bin/install -c
configure:2939: checking whether build environment is sane
configure:2994: result: yes
configure:3032: WARNING: 'missing' script is too old or missing
configure:3145: checking for a thread-safe mkdir -p
configure:3184: result: /bin/mkdir -p
configure:3191: checking for gawk
configure:3207: found /usr/bin/gawk
configure:3218: result: gawk
configure:3229: checking whether make sets $(MAKE)
configure:3251: result: yes
configure:3280: checking whether make supports nested variables
configure:3297: result: yes
configure:3453: checking build system type
configure:3467: result: x86_64-unknown-linux-gnu
configure:3487: checking host system type
configure:3500: result: x86_64-unknown-linux-gnu
configure:3541: checking how to print strings
configure:3568: result: printf
configure:3601: checking for style of include used by make
configure:3629: result: GNU
configure:3700: checking for gcc
configure:3716: found /usr/bin/gcc
configure:3727: result: gcc
configure:3956: checking for C compiler version
configure:3965: gcc --version >&5
gcc (Ubuntu 4.8.2-19ubuntu1) 4.8.2
Copyright (C) 2013 Free Software Foundation, Inc.
This is free software; see the source for copying conditions.  There is NO
warranty; not even for MERCHANTABILITY or FITNESS FOR A PARTICULAR PURPOSE.

configure:3976: $? = 0
configure:3965: gcc -v >&5
Using built-in specs.
COLLECT_GCC=gcc
COLLECT_LTO_WRAPPER=/usr/lib/gcc/x86_64-linux-gnu/4.8/lto-wrapper
Target: x86_64-linux-gnu
Configured with: ../src/configure -v --with-pkgversion='Ubuntu 4.8.2-19ubuntu1' --with-bugurl=file:///usr/share/doc/gcc-4.8/README.Bugs --enable-languages=c,c++,java,go,d,fortran,objc,obj-c++ --prefix=/usr --program-suffix=-4.8 --enable-shared --enable-linker-build-id --libexecdir=/usr/lib --without-included-gettext --enable-threads=posix --with-gxx-include-dir=/usr/include/c++/4.8 --libdir=/usr/lib --enable-nls --with-sysroot=/ --enable-clocale=gnu --enable-libstdcxx-debug --enable-libstdcxx-time=yes --enable-gnu-unique-object --disable-libmudflap --enable-plugin --with-system-zlib --disable-browser-plugin --enable-java-awt=gtk --enable-gtk-cairo --with-java-home=/usr/lib/jvm/java-1.5.0-gcj-4.8-amd64/jre --enable-java-home --with-jvm-root-dir=/usr/lib/jvm/java-1.5.0-gcj-4.8-amd64 --with-jvm-jar-dir=/usr/lib/jvm-exports/java-1.5.0-gcj-4.8-amd64 --with-arch-directory=amd64 --with-ecj-jar=/usr/share/java/eclipse-ecj.jar --enable-objc-gc --enable-multiarch --disable-werror --with-arch-32=i686 --with-abi=m64 --with-multilib-list=m32,m64,mx32 --with-tune=generic --enable-checking=release --build=x86_64-linux-gnu --host=x86_64-linux-gnu --target=x86_64-linux-gnu
Thread model: posix
gcc version 4.8.2 (Ubuntu 4.8.2-19ubuntu1) 
configure:3976: $? = 0
configure:3965: gcc -V >&5
gcc: error: unrecognized command line option '-V'
gcc: fatal error: no input files
compilation terminated.
configure:3976: $? = 4
configure:3965: gcc -qversion >&5
gcc: error: unrecognized command line option '-qversion'
gcc: fatal error: no input files
compilation terminated.
configure:3976: $? = 4
configure:3996: checking whether the C compiler works
configure:4018: gcc    conftest.c  >&5
configure:4022: $? = 0
configure:4070: result: yes
configure:4073: checking for C compiler default output file name
configure:4075: result: a.out
configure:4081: checking for suffix of executables
configure:4088: gcc -o conftest    conftest.c  >&5
configure:4092: $? = 0
configure:4114: result: 
configure:4136: checking whether we are cross compiling
configure:4144: gcc -o conftest    conftest.c  >&5
configure:4148: $? = 0
configure:4155: ./conftest
configure:4159: $? = 0
configure:4174: result: no
configure:4179: checking for suffix of object files
configure:4201: gcc -c   conftest.c >&5
configure:4205: $? = 0
configure:4226: result: o
configure:4230: checking whether we are using the GNU C compiler
configure:4249: gcc -c   conftest.c >&5
configure:4249: $? = 0
configure:4258: result: yes
configure:4267: checking whether gcc accepts -g
configure:4287: gcc -c -g  conftest.c >&5
configure:4287: $? = 0
configure:4328: result: yes
configure:4345: checking for gcc option to accept ISO C89
configure:4408: gcc  -c -g -O2  conftest.c >&5
configure:4408: $? = 0
configure:4421: result: none needed
configure:4446: checking whether gcc understands -c and -o together
configure:4468: gcc -c conftest.c -o conftest2.o
configure:4471: $? = 0
configure:4468: gcc -c conftest.c -o conftest2.o
configure:4471: $? = 0
configure:4483: result: yes
configure:4502: checking dependency style of gcc
configure:4613: result: gcc3
configure:4628: checking for a sed that does not truncate output
configure:4692: result: /bin/sed
configure:4710: checking for grep that handles long lines and -e
configure:4768: result: /bin/grep
configure:4773: checking for egrep
configure:4835: result: /bin/grep -E
configure:4840: checking for fgrep
configure:4902: result: /bin/grep -F
configure:4937: checking for ld used by gcc
configure:5004: result: /usr/bin/ld
configure:5011: checking if the linker (/usr/bin/ld) is GNU ld
configure:5026: result: yes
configure:5038: checking for BSD- or MS-compatible name lister (nm)
configure:5087: result: /usr/bin/nm -B
configure:5217: checking the name lister (/usr/bin/nm -B) interface
configure:5224: gcc -c -g -O2  conftest.c >&5
configure:5227: /usr/bin/nm -B "conftest.o"
configure:5230: output
0000000000000000 B some_variable
configure:5237: result: BSD nm
configure:5240: checking whether ln -s works
configure:5244: result: yes
configure:5252: checking the maximum length of command line arguments
configure:5383: result: 1572864
configure:5400: checking whether the shell understands some XSI constructs
configure:5410: result: yes
configure:5414: checking whether the shell understands "+="
configure:5420: result: yes
configure:5455: checking how to convert x86_64-unknown-linux-gnu file names to x86_64-unknown-linux-gnu format
configure:5495: result: func_convert_file_noop
configure:5502: checking how to convert x86_64-unknown-linux-gnu file names to toolchain format
configure:5522: result: func_convert_file_noop
configure:5529: checking for /usr/bin/ld option to reload object files
configure:5536: result: -r
configure:5610: checking for objdump
configure:5626: found /usr/bin/objdump
configure:5637: result: objdump
configure:5669: checking how to recognize dependent libraries
configure:5867: result: pass_all
configure:5952: checking for dlltool
configure:5982: result: no
configure:6012: checking how to associate runtime and link libraries
configure:6039: result: printf %s\n
configure:6100: checking for ar
configure:6116: found /usr/bin/ar
configure:6127: result: ar
configure:6164: checking for archiver @FILE support
configure:6181: gcc -c -g -O2  conftest.c >&5
configure:6181: $? = 0
configure:6184: ar cru libconftest.a @conftest.lst >&5
configure:6187: $? = 0
configure:6192: ar cru libconftest.a @conftest.lst >&5
ar: conftest.o: No such file or directory
configure:6195: $? = 1
configure:6207: result: @
configure:6265: checking for strip
configure:6281: found /usr/bin/strip
configure:6292: result: strip
configure:6364: checking for ranlib
configure:6380: found /usr/bin/ranlib
configure:6391: result: ranlib
configure:6493: checking command to parse /usr/bin/nm -B output from gcc object
configure:6613: gcc -c -g -O2  conftest.c >&5
configure:6616: $? = 0
configure:6620: /usr/bin/nm -B conftest.o \| sed -n -e 's/^.*[ ]\([ABCDGIRSTW][ABCDGIRSTW]*\)[ ][ ]*\([_A-Za-z][_A-Za-z0-9]*\)$/\1 \2 \2/p' | sed '/ __gnu_lto/d' \> conftest.nm
configure:6623: $? = 0
configure:6689: gcc -o conftest -g -O2   conftest.c conftstm.o >&5
configure:6692: $? = 0
configure:6730: result: ok
configure:6767: checking for sysroot
configure:6797: result: no
configure:6874: gcc -c -g -O2  conftest.c >&5
configure:6877: $? = 0
configure:7066: checking for mt
configure:7082: found /bin/mt
configure:7093: result: mt
configure:7116: checking if mt is a manifest tool
configure:7122: mt '-?'
configure:7130: result: no
configure:7772: checking how to run the C preprocessor
configure:7803: gcc -E  conftest.c
configure:7803: $? = 0
configure:7817: gcc -E  conftest.c
conftest.c:11:28: fatal error: ac_nonexistent.h: No such file or directory
 #include <ac_nonexistent.h>
                            ^
compilation terminated.
configure:7817: $? = 1
configure: failed program was:
| /* confdefs.h */
| #define PACKAGE_NAME "protlib"
| #define PACKAGE_TARNAME "protlib"
| #define PACKAGE_VERSION "0.0.0.5550"
| #define PACKAGE_STRING "protlib 0.0.0.5550"
| #define PACKAGE_BUGREPORT "roland.bless@kit.edu"
| #define PACKAGE_URL ""
| #define PACKAGE "protlib"
| #define VERSION "0.0.0.5550"
| /* end confdefs.h.  */
| #include <ac_nonexistent.h>
configure:7842: result: gcc -E
configure:7862: gcc -E  conftest.c
configure:7862: $? = 0
configure:7876: gcc -E  conftest.c
conftest.c:11:28: fatal error: ac_nonexistent.h: No such file or directory
 #include <ac_nonexistent.h>
                            ^
compilation terminated.
configure:7876: $? = 1
configure: failed program was:
| /* confdefs.h */
| #define PACKAGE_NAME "protlib"
| #define PACKAGE_TARNAME "protlib"
| #define PACKAGE_VERSION "0.0.0.5550"
| #define PACKAGE_STRING "protlib 0.0.0.5550"
| #define PACKAGE_BUGREPORT "roland.bless@kit.edu"
| #define PACKAGE_URL ""
| #define PACKAGE "protlib"
| #define VERSION "0.0.0.5550"
| /* end confdefs.h.  */
| #include <ac_nonexistent.h>
configure:7905: checking for ANSI C header files
configure:7925: gcc -c -g -O2  conftest.c >&5
configure:7925: $? = 0
configure:7998: gcc -o conftest -g -O2   conftest.c  >&5
configure:7998: $? = 0
configure:7998: ./conftest
configure:7998: $? = 0
configure:8009: result: yes
configure:8022: checking for sys/types.h
configure:8022: gcc -c -g -O2  conftest.c >&5
configure:8022: $? = 0
configure:8022: result: yes
configure:8022: checking for sys/stat.h
configure:8022: gcc -c -g -O2  conftest.c >&5
configure:8022: $? = 0
configure:8022: result: yes
configure:8022: checking for stdlib.h
configure:8022: gcc -c -g -O2  conftest.c >&5
configure:8022: $? = 0
configure:8022: result: yes
configure:8022: checking for string.h
configure:8022: gcc -c -g -O2  conftest.c >&5
configure:8022: $? = 0
configure:8022: result: yes
configure:8022: checking for memory.h
configure:8022: gcc -c -g -O2  conftest.c >&5
configure:8022: $? = 0
configure:8022: result: yes
configure:8022: checking for strings.h
configure:8022: gcc -c -g -O2  conftest.c >&5
configure:8022: $? = 0
configure:8022: result: yes
configure:8022: checking for inttypes.h
configure:8022: gcc -c -g -O2  conftest.c >&5
configure:8022: $? = 0
configure:8022: result: yes
configure:8022: checking for stdint.h
configure:8022: gcc -c -g -O2  conftest.c >&5
configure:8022: $? = 0
configure:8022: result: yes
configure:8022: checking for unistd.h
configure:8022: gcc -c -g -O2  conftest.c >&5
configure:8022: $? = 0
configure:8022: result: yes
configure:8036: checking for dlfcn.h
configure:8036: gcc -c -g -O2  conftest.c >&5
configure:8036: $? = 0
configure:8036: result: yes
configure:8242: checking for objdir
configure:8257: result: .libs
configure:8528: checking if gcc supports -fno-rtti -fno-exceptions
configure:8546: gcc -c -g -O2  -fno-rtti -fno-exceptions conftest.c >&5
cc1: warning: command line option '-fno-rtti' is valid for C++/ObjC++ but not for C [enabled by default]
configure:8550: $? = 0
configure:8563: result: no
configure:8890: checking for gcc option to produce PIC
configure:8897: result: -fPIC -DPIC
configure:8905: checking if gcc PIC flag -fPIC -DPIC works
configure:8923: gcc -c -g -O2  -fPIC -DPIC -DPIC conftest.c >&5
configure:8927: $? = 0
configure:8940: result: yes
configure:8969: checking if gcc static flag -static works
configure:8997: result: yes
configure:9012: checking if gcc supports -c -o file.o
configure:9033: gcc -c -g -O2  -o out/conftest2.o conftest.c >&5
configure:9037: $? = 0
configure:9059: result: yes
configure:9067: checking if gcc supports -c -o file.o
configure:9114: result: yes
configure:9147: checking whether the gcc linker (/usr/bin/ld -m elf_x86_64) supports shared libraries
configure:10304: result: yes
configure:10341: checking whether -lc should be explicitly linked in
configure:10349: gcc -c -g -O2  conftest.c >&5
configure:10352: $? = 0
configure:10367: gcc -shared  -fPIC -DPIC conftest.o  -v -Wl,-soname -Wl,conftest -o conftest 2\>\&1 \| /bin/grep  -lc  \>/dev/null 2\>\&1
configure:10370: $? = 0
configure:10384: result: no
configure:10544: checking dynamic linker characteristics
configure:11044: gcc -o conftest -g -O2   -Wl,-rpath -Wl,/foo conftest.c  >&5
configure:11044: $? = 0
configure:11278: result: GNU/Linux ld.so
configure:11385: checking how to hardcode library paths into programs
configure:11410: result: immediate
configure:11950: checking whether stripping libraries is possible
configure:11955: result: yes
configure:11990: checking if libtool supports shared libraries
configure:11992: result: yes
configure:11995: checking whether to build shared libraries
configure:12016: result: yes
configure:12019: checking whether to build static libraries
configure:12023: result: yes
configure:12111: checking for gcc
configure:12138: result: gcc
configure:12367: checking for C compiler version
configure:12376: gcc --version >&5
gcc (Ubuntu 4.8.2-19ubuntu1) 4.8.2
Copyright (C) 2013 Free Software Foundation, Inc.
This is free software; see the source for copying conditions.  There is NO
warranty; not even for MERCHANTABILITY or FITNESS FOR A PARTICULAR PURPOSE.

configure:12387: $? = 0
configure:12376: gcc -v >&5
Using built-in specs.
COLLECT_GCC=gcc
COLLECT_LTO_WRAPPER=/usr/lib/gcc/x86_64-linux-gnu/4.8/lto-wrapper
Target: x86_64-linux-gnu
Configured with: ../src/configure -v --with-pkgversion='Ubuntu 4.8.2-19ubuntu1' --with-bugurl=file:///usr/share/doc/gcc-4.8/README.Bugs --enable-languages=c,c++,java,go,d,fortran,objc,obj-c++ --prefix=/usr --program-suffix=-4.8 --enable-shared --enable-linker-build-id --libexecdir=/usr/lib --without-included-gettext --enable-threads=posix --with-gxx-include-dir=/usr/include/c++/4.8 --libdir=/usr/lib --enable-nls --with-sysroot=/ --enable-clocale=gnu --enable-libstdcxx-debug --enable-libstdcxx-time=yes --enable-gnu-unique-object --disable-libmudflap --enable-plugin --with-system-zlib --disable-browser-plugin --enable-java-awt=gtk --enable-gtk-cairo --with-java-home=/usr/lib/jvm/java-1.5.0-gcj-4.8-amd64/jre --enable-java-home --with-jvm-root-dir=/usr/lib/jvm/java-1.5.0-gcj-4.8-amd64 --with-jvm-jar-dir=/usr/lib/jvm-exports/java-1.5.0-gcj-4.8-amd64 --with-arch-directory=amd64 --with-ecj-jar=/usr/share/java/eclipse-ecj.jar --enable-objc-gc --enable-multiarch --disable-werror --with-arch-32=i686 --with-abi=m64 --with-multilib-list=m32,m64,mx32 --with-tune=generic --enable-checking=release --build=x86_64-linux-gnu --host=x86_64-linux-gnu --target=x86_64-linux-gnu
Thread model: posix
gcc version 4.8.2 (Ubuntu 4.8.2-19ubuntu1) 
configure:12387: $? = 0
configure:12376: gcc -V >&5
gcc: error: unrecognized command line option '-V'
gcc: fatal error: no input files
compilation terminated.
configure:12387: $? = 4
configure:12376: gcc -qversion >&5
gcc: error: unrecognized command line option '-qversion'
gcc: fatal error: no input files
compilation terminated.
configure:12387: $? = 4
configure:12391: checking whether we are using the GNU C compiler
configure:12419: result: yes
configure:12428: checking whether gcc accepts -g
configure:12489: result: yes
configure:12506: checking for gcc option to accept ISO C89
configure:12582: result: none needed
configure:12607: checking whether gcc understands -c and -o together
configure:12644: result: yes
configure:12663: checking dependency style of gcc
configure:12774: result: gcc3
configure:12847: checking for g++
configure:12863: found /usr/bin/g++
configure:12874: result: g++
configure:12901: checking for C++ compiler version
configure:12910: g++ --version >&5
g++ (Ubuntu 4.8.2-19ubuntu1) 4.8.2
Copyright (C) 2013 Free Software Foundation, Inc.
This is free software; see the source for copying conditions.  There is NO
warranty; not even for MERCHANTABILITY or FITNESS FOR A PARTICULAR PURPOSE.

configure:12921: $? = 0
configure:12910: g++ -v >&5
Using built-in specs.
COLLECT_GCC=g++
COLLECT_LTO_WRAPPER=/usr/lib/gcc/x86_64-linux-gnu/4.8/lto-wrapper
Target: x86_64-linux-gnu
Configured with: ../src/configure -v --with-pkgversion='Ubuntu 4.8.2-19ubuntu1' --with-bugurl=file:///usr/share/doc/gcc-4.8/README.Bugs --enable-languages=c,c++,java,go,d,fortran,objc,obj-c++ --prefix=/usr --program-suffix=-4.8 --enable-shared --enable-linker-build-id --libexecdir=/usr/lib --without-included-gettext --enable-threads=posix --with-gxx-include-dir=/usr/include/c++/4.8 --libdir=/usr/lib --enable-nls --with-sysroot=/ --enable-clocale=gnu --enable-libstdcxx-debug --enable-libstdcxx-time=yes --enable-gnu-unique-object --disable-libmudflap --enable-plugin --with-system-zlib --disable-browser-plugin --enable-java-awt=gtk --enable-gtk-cairo --with-java-home=/usr/lib/jvm/java-1.5.0-gcj-4.8-amd64/jre --enable-java-home --with-jvm-root-dir=/usr/lib/jvm/java-1.5.0-gcj-4.8-amd64 --with-jvm-jar-dir=/usr/lib/jvm-exports/java-1.5.0-gcj-4.8-amd64 --with-arch-directory=amd64 --with-ecj-jar=/usr/share/java/eclipse-ecj.jar --enable-objc-gc --enable-multiarch --disable-werror --with-arch-32=i686 --with-abi=m64 --with-multilib-list=m32,m64,mx32 --with-tune=generic --enable-checking=release --build=x86_64-linux-gnu --host=x86_64-linux-gnu --target=x86_64-linux-gnu
Thread model: posix
gcc version 4.8.2 (Ubuntu 4.8.2-19ubuntu1) 
configure:12921: $? = 0
configure:12910: g++ -V >&5
g++: error: unrecognized command line option '-V'
g++: fatal error: no input files
compilation terminated.
configure:12921: $? = 4
configure:12910: g++ -qversion >&5
g++: error: unrecognized command line option '-qversion'
g++: fatal error: no input files
compilation terminated.
configure:12921: $? = 4
configure:12925: checking whether we are using the GNU C++ compiler
configure:12944: g++ -c   conftest.cpp >&5
configure:12944: $? = 0
configure:12953: result: yes
configure:12962: checking whether g++ accepts -g
configure:12982: g++ -c -g  conftest.cpp >&5
configure:12982: $? = 0
configure:13023: result: yes
configure:13048: checking dependency style of g++
configure:13159: result: gcc3
configure:13192: checking how to run the C++ preprocessor
configure:13219: g++ -E  conftest.cpp
configure:13219: $? = 0
configure:13233: g++ -E  conftest.cpp
conftest.cpp:23:28: fatal error: ac_nonexistent.h: No such file or directory
 #include <ac_nonexistent.h>
                            ^
compilation terminated.
configure:13233: $? = 1
configure: failed program was:
| /* confdefs.h */
| #define PACKAGE_NAME "protlib"
| #define PACKAGE_TARNAME "protlib"
| #define PACKAGE_VERSION "0.0.0.5550"
| #define PACKAGE_STRING "protlib 0.0.0.5550"
| #define PACKAGE_BUGREPORT "roland.bless@kit.edu"
| #define PACKAGE_URL ""
| #define PACKAGE "protlib"
| #define VERSION "0.0.0.5550"
| #define STDC_HEADERS 1
| #define HAVE_SYS_TYPES_H 1
| #define HAVE_SYS_STAT_H 1
| #define HAVE_STDLIB_H 1
| #define HAVE_STRING_H 1
| #define HAVE_MEMORY_H 1
| #define HAVE_STRINGS_H 1
| #define HAVE_INTTYPES_H 1
| #define HAVE_STDINT_H 1
| #define HAVE_UNISTD_H 1
| #define HAVE_DLFCN_H 1
| #define LT_OBJDIR ".libs/"
| /* end confdefs.h.  */
| #include <ac_nonexistent.h>
configure:13258: result: g++ -E
configure:13278: g++ -E  conftest.cpp
configure:13278: $? = 0
configure:13292: g++ -E  conftest.cpp
conftest.cpp:23:28: fatal error: ac_nonexistent.h: No such file or directory
 #include <ac_nonexistent.h>
                            ^
compilation terminated.
configure:13292: $? = 1
configure: failed program was:
| /* confdefs.h */
| #define PACKAGE_NAME "protlib"
| #define PACKAGE_TARNAME "protlib"
| #define PACKAGE_VERSION "0.0.0.5550"
| #define PACKAGE_STRING "protlib 0.0.0.5550"
| #define PACKAGE_BUGREPORT "roland.bless@kit.edu"
| #define PACKAGE_URL ""
| #define PACKAGE "protlib"
| #define VERSION "0.0.0.5550"
| #define STDC_HEADERS 1
| #define HAVE_SYS_TYPES_H 1
| #define HAVE_SYS_STAT_H 1
| #define HAVE_STDLIB_H 1
| #define HAVE_STRING_H 1
| #define HAVE_MEMORY_H 1
| #define HAVE_STRINGS_H 1
| #define HAVE_INTTYPES_H 1
| #define HAVE_STDINT_H 1
| #define HAVE_UNISTD_H 1
| #define HAVE_DLFCN_H 1
| #define LT_OBJDIR ".libs/"
| /* end confdefs.h.  */
| #include <ac_nonexistent.h>
configure:13461: checking for ld used by g++
configure:13528: result: /usr/bin/ld -m elf_x86_64
configure:13535: checking if the linker (/usr/bin/ld -m elf_x86_64) is GNU ld
configure:13550: result: yes
configure:13605: checking whether the g++ linker (/usr/bin/ld -m elf_x86_64) supports shared libraries
configure:14607: result: yes
configure:14643: g++ -c -g -O2  conftest.cpp >&5
configure:14646: $? = 0
configure:15166: checking for g++ option to produce PIC
configure:15173: result: -fPIC -DPIC
configure:15181: checking if g++ PIC flag -fPIC -DPIC works
configure:15199: g++ -c -g -O2  -fPIC -DPIC -DPIC conftest.cpp >&5
configure:15203: $? = 0
configure:15216: result: yes
configure:15239: checking if g++ static flag -static works
configure:15267: result: yes
configure:15279: checking if g++ supports -c -o file.o
configure:15300: g++ -c -g -O2  -o out/conftest2.o conftest.cpp >&5
configure:15304: $? = 0
configure:15326: result: yes
configure:15331: checking if g++ supports -c -o file.o
configure:15378: result: yes
configure:15408: checking whether the g++ linker (/usr/bin/ld -m elf_x86_64) supports shared libraries
configure:15447: result: yes
configure:15588: checking dynamic linker characteristics
configure:16256: result: GNU/Linux ld.so
configure:16309: checking how to hardcode library paths into programs
configure:16334: result: immediate
configure:16383: checking for SSL_CTX_new in -lssl
configure:16408: gcc -o conftest -g -O2   conftest.c -lssl   >&5
configure:16408: $? = 0
configure:16417: result: yes
configure:16428: checking for pthread_create in -lpthread
configure:16453: gcc -o conftest -g -O2   conftest.c -lpthread  -lssl  >&5
configure:16453: $? = 0
configure:16462: result: yes
configure:16473: checking for clock_gettime in -lrt
configure:16498: gcc -o conftest -g -O2   conftest.c -lrt  -lpthread -lssl  >&5
configure:16498: $? = 0
configure:16507: result: yes
configure:16654: checking for libnetfilter_queue/libnetfilter_queue.h
configure:16654: gcc -c -g -O2  conftest.c >&5
configure:16654: $? = 0
configure:16654: result: yes
configure:16671: checking for nfq_get_payload in -lnetfilter_queue
configure:16696: gcc -o conftest -g -O2   conftest.c -lnetfilter_queue  -lrt -lpthread -lssl  >&5
configure:16696: $? = 0
configure:16705: result: yes
configure:16718: checking for /usr/include/libnetfilter_queue
configure:16731: result: yes
configure:16820: pkgconfig directory is ${libdir}/pkgconfig
configure:16832: checking whether unordered_map is available
configure:16848: g++ -c -std=c++0x  conftest.cpp >&5
configure:16848: $? = 0
configure:16855: result: yes
configure:16871: checking for inet6_opt_init
configure:16871: g++ -o conftest -g -O2   conftest.cpp -lnetfilter_queue -lrt -lpthread -lssl  >&5
configure:16871: $? = 0
configure:16871: result: yes
configure:16892: checking arpa/inet.h usability
configure:16892: g++ -c -g -O2  conftest.cpp >&5
configure:16892: $? = 0
configure:16892: result: yes
configure:16892: checking arpa/inet.h presence
configure:16892: g++ -E  conftest.cpp
configure:16892: $? = 0
configure:16892: result: yes
configure:16892: checking for arpa/inet.h
configure:16892: result: yes
configure:16892: checking fcntl.h usability
configure:16892: g++ -c -g -O2  conftest.cpp >&5
configure:16892: $? = 0
configure:16892: result: yes
configure:16892: checking fcntl.h presence
configure:16892: g++ -E  conftest.cpp
configure:16892: $? = 0
configure:16892: result: yes
configure:16892: checking for fcntl.h
configure:16892: result: yes
configure:16892: checking netdb.h usability
configure:16892: g++ -c -g -O2  conftest.cpp >&5
configure:16892: $? = 0
configure:16892: result: yes
configure:16892: checking netdb.h presence
configure:16892: g++ -E  conftest.cpp
configure:16892: $? = 0
configure:16892: result: yes
configure:16892: checking for netdb.h
configure:16892: result: yes
configure:16892: checking netinet/in.h usability
configure:16892: g++ -c -g -O2  conftest.cpp >&5
configure:16892: $? = 0
configure:16892: result: yes
configure:16892: checking netinet/in.h presence
configure:16892: g++ -E  conftest.cpp
configure:16892: $? = 0
configure:16892: result: yes
configure:16892: checking for netinet/in.h
configure:16892: result: yes
configure:16892: checking for stdlib.h
configure:16892: result: yes
configure:16892: checking for string.h
configure:16892: result: yes
configure:16892: checking sys/socket.h usability
configure:16892: g++ -c -g -O2  conftest.cpp >&5
configure:16892: $? = 0
configure:16892: result: yes
configure:16892: checking sys/socket.h presence
configure:16892: g++ -E  conftest.cpp
configure:16892: $? = 0
configure:16892: result: yes
configure:16892: checking for sys/socket.h
configure:16892: result: yes
configure:16892: checking sys/time.h usability
configure:16892: g++ -c -g -O2  conftest.cpp >&5
configure:16892: $? = 0
configure:16892: result: yes
configure:16892: checking sys/time.h presence
configure:16892: g++ -E  conftest.cpp
configure:16892: $? = 0
configure:16892: result: yes
configure:16892: checking for sys/time.h
configure:16892: result: yes
configure:16892: checking for unistd.h
configure:16892: result: yes
configure:16904: checking for ANSI C header files
configure:17008: result: yes
configure:17016: checking for stdbool.h that conforms to C99
configure:17083: g++ -c -g -O2  conftest.cpp >&5
configure:17083: $? = 0
configure:17090: result: yes
configure:17092: checking for _Bool
configure:17092: g++ -c -g -O2  conftest.cpp >&5
conftest.cpp: In function 'int main()':
conftest.cpp:74:13: error: '_Bool' was not declared in this scope
 if (sizeof (_Bool))
             ^
configure:17092: $? = 1
configure: failed program was:
| /* confdefs.h */
| #define PACKAGE_NAME "protlib"
| #define PACKAGE_TARNAME "protlib"
| #define PACKAGE_VERSION "0.0.0.5550"
| #define PACKAGE_STRING "protlib 0.0.0.5550"
| #define PACKAGE_BUGREPORT "roland.bless@kit.edu"
| #define PACKAGE_URL ""
| #define PACKAGE "protlib"
| #define VERSION "0.0.0.5550"
| #define STDC_HEADERS 1
| #define HAVE_SYS_TYPES_H 1
| #define HAVE_SYS_STAT_H 1
| #define HAVE_STDLIB_H 1
| #define HAVE_STRING_H 1
| #define HAVE_MEMORY_H 1
| #define HAVE_STRINGS_H 1
| #define HAVE_INTTYPES_H 1
| #define HAVE_STDINT_H 1
| #define HAVE_UNISTD_H 1
| #define HAVE_DLFCN_H 1
| #define LT_OBJDIR ".libs/"
| #define HAVE_LIBSSL 1
| #define HAVE_LIBPTHREAD 1
| #define HAVE_LIBRT 1
| #define HAVE_LIBNETFILTER_QUEUE_LIBNETFILTER_QUEUE_H 1
| #define HAVE_LIBNETFILTER_QUEUE 1
| #define HAVE_ARPA_INET_H 1
| #define HAVE_FCNTL_H 1
| #define HAVE_NETDB_H 1
| #define HAVE_NETINET_IN_H 1
| #define HAVE_STDLIB_H 1
| #define HAVE_STRING_H 1
| #define HAVE_SYS_SOCKET_H 1
| #define HAVE_SYS_TIME_H 1
| #define HAVE_UNISTD_H 1
| #define STDC_HEADERS 1
| /* end confdefs.h.  */
| #include <stdio.h>
| #ifdef HAVE_SYS_TYPES_H
| # include <sys/types.h>
| #endif
| #ifdef HAVE_SYS_STAT_H
| # include <sys/stat.h>
| #endif
| #ifdef STDC_HEADERS
| # include <stdlib.h>
| # include <stddef.h>
| #else
| # ifdef HAVE_STDLIB_H
| #  include <stdlib.h>
| # endif
| #endif
| #ifdef HAVE_STRING_H
| # if !defined STDC_HEADERS && defined HAVE_MEMORY_H
| #  include <memory.h>
| # endif
| # include <string.h>
| #endif
| #ifdef HAVE_STRINGS_H
| # include <strings.h>
| #endif
| #ifdef HAVE_INTTYPES_H
| # include <inttypes.h>
| #endif
| #ifdef HAVE_STDINT_H
| # include <stdint.h>
| #endif
| #ifdef HAVE_UNISTD_H
| # include <unistd.h>
| #endif
| int
| main ()
| {
| if (sizeof (_Bool))
| 	 return 0;
|   ;
|   return 0;
| }
configure:17092: result: no
configure:17109: checking for an ANSI C-conforming const
configure:17175: g++ -c -g -O2  conftest.cpp >&5
configure:17175: $? = 0
configure:17182: result: yes
configure:17190: checking for inline
configure:17206: g++ -c -g -O2  conftest.cpp >&5
configure:17206: $? = 0
configure:17214: result: inline
configure:17232: checking for int32_t
configure:17232: g++ -c -g -O2  conftest.cpp >&5
configure:17232: $? = 0
configure:17232: g++ -c -g -O2  conftest.cpp >&5
conftest.cpp: In function 'int main()':
conftest.cpp:77:55: warning: integer overflow in expression [-Woverflow]
    < (int32_t) (((((int32_t) 1 << N) << N) - 1) * 2 + 2))];
                                                       ^
conftest.cpp:77:58: error: size of array 'test_array' is negative
    < (int32_t) (((((int32_t) 1 << N) << N) - 1) * 2 + 2))];
                                                          ^
configure:17232: $? = 1
configure: failed program was:
| /* confdefs.h */
| #define PACKAGE_NAME "protlib"
| #define PACKAGE_TARNAME "protlib"
| #define PACKAGE_VERSION "0.0.0.5550"
| #define PACKAGE_STRING "protlib 0.0.0.5550"
| #define PACKAGE_BUGREPORT "roland.bless@kit.edu"
| #define PACKAGE_URL ""
| #define PACKAGE "protlib"
| #define VERSION "0.0.0.5550"
| #define STDC_HEADERS 1
| #define HAVE_SYS_TYPES_H 1
| #define HAVE_SYS_STAT_H 1
| #define HAVE_STDLIB_H 1
| #define HAVE_STRING_H 1
| #define HAVE_MEMORY_H 1
| #define HAVE_STRINGS_H 1
| #define HAVE_INTTYPES_H 1
| #define HAVE_STDINT_H 1
| #define HAVE_UNISTD_H 1
| #define HAVE_DLFCN_H 1
| #define LT_OBJDIR ".libs/"
| #define HAVE_LIBSSL 1
| #define HAVE_LIBPTHREAD 1
| #define HAVE_LIBRT 1
| #define HAVE_LIBNETFILTER_QUEUE_LIBNETFILTER_QUEUE_H 1
| #define HAVE_LIBNETFILTER_QUEUE 1
| #define HAVE_ARPA_INET_H 1
| #define HAVE_FCNTL_H 1
| #define HAVE_NETDB_H 1
| #define HAVE_NETINET_IN_H 1
| #define HAVE_STDLIB_H 1
| #define HAVE_STRING_H 1
| #define HAVE_SYS_SOCKET_H 1
| #define HAVE_SYS_TIME_H 1
| #define HAVE_UNISTD_H 1
| #define STDC_HEADERS 1
| #define HAVE_STDBOOL_H 1
| /* end confdefs.h.  */
| #include <stdio.h>
| #ifdef HAVE_SYS_TYPES_H
| # include <sys/types.h>
| #endif
| #ifdef HAVE_SYS_STAT_H
| # include <sys/stat.h>
| #endif
| #ifdef STDC_HEADERS
| # include <stdlib.h>
| # include <stddef.h>
| #else
| # ifdef HAVE_STDLIB_H
| #  include <stdlib.h>
| # endif
| #endif
| #ifdef HAVE_STRING_H
| # if !defined STDC_HEADERS && defined HAVE_MEMORY_H
| #  include <memory.h>
| # endif
| # include <string.h>
| #endif
| #ifdef HAVE_STRINGS_H
| # include <strings.h>
| #endif
| #ifdef HAVE_INTTYPES_H
| # include <inttypes.h>
| #endif
| #ifdef HAVE_STDINT_H
| # include <stdint.h>
| #endif
| #ifdef HAVE_UNISTD_H
| # include <unistd.h>
| #endif
| 	        enum { N = 32 / 2 - 1 };
| int
| main ()
| {
| static int test_array [1 - 2 * !((int32_t) (((((int32_t) 1 << N) << N) - 1) * 2 + 1)
| 		 < (int32_t) (((((int32_t) 1 << N) << N) - 1) * 2 + 2))];
| test_array [0] = 0;
| return test_array [0];
| 
|   ;
|   return 0;
| }
configure:17232: result: yes
configure:17243: checking for int64_t
configure:17243: g++ -c -g -O2  conftest.cpp >&5
configure:17243: $? = 0
configure:17243: g++ -c -g -O2  conftest.cpp >&5
conftest.cpp: In function 'int main()':
conftest.cpp:77:55: warning: integer overflow in expression [-Woverflow]
    < (int64_t) (((((int64_t) 1 << N) << N) - 1) * 2 + 2))];
                                                       ^
conftest.cpp:77:58: error: size of array 'test_array' is negative
    < (int64_t) (((((int64_t) 1 << N) << N) - 1) * 2 + 2))];
                                                          ^
configure:17243: $? = 1
configure: failed program was:
| /* confdefs.h */
| #define PACKAGE_NAME "protlib"
| #define PACKAGE_TARNAME "protlib"
| #define PACKAGE_VERSION "0.0.0.5550"
| #define PACKAGE_STRING "protlib 0.0.0.5550"
| #define PACKAGE_BUGREPORT "roland.bless@kit.edu"
| #define PACKAGE_URL ""
| #define PACKAGE "protlib"
| #define VERSION "0.0.0.5550"
| #define STDC_HEADERS 1
| #define HAVE_SYS_TYPES_H 1
| #define HAVE_SYS_STAT_H 1
| #define HAVE_STDLIB_H 1
| #define HAVE_STRING_H 1
| #define HAVE_MEMORY_H 1
| #define HAVE_STRINGS_H 1
| #define HAVE_INTTYPES_H 1
| #define HAVE_STDINT_H 1
| #define HAVE_UNISTD_H 1
| #define HAVE_DLFCN_H 1
| #define LT_OBJDIR ".libs/"
| #define HAVE_LIBSSL 1
| #define HAVE_LIBPTHREAD 1
| #define HAVE_LIBRT 1
| #define HAVE_LIBNETFILTER_QUEUE_LIBNETFILTER_QUEUE_H 1
| #define HAVE_LIBNETFILTER_QUEUE 1
| #define HAVE_ARPA_INET_H 1
| #define HAVE_FCNTL_H 1
| #define HAVE_NETDB_H 1
| #define HAVE_NETINET_IN_H 1
| #define HAVE_STDLIB_H 1
| #define HAVE_STRING_H 1
| #define HAVE_SYS_SOCKET_H 1
| #define HAVE_SYS_TIME_H 1
| #define HAVE_UNISTD_H 1
| #define STDC_HEADERS 1
| #define HAVE_STDBOOL_H 1
| /* end confdefs.h.  */
| #include <stdio.h>
| #ifdef HAVE_SYS_TYPES_H
| # include <sys/types.h>
| #endif
| #ifdef HAVE_SYS_STAT_H
| # include <sys/stat.h>
| #endif
| #ifdef STDC_HEADERS
| # include <stdlib.h>
| # include <stddef.h>
| #else
| # ifdef HAVE_STDLIB_H
| #  include <stdlib.h>
| # endif
| #endif
| #ifdef HAVE_STRING_H
| # if !defined STDC_HEADERS && defined HAVE_MEMORY_H
| #  include <memory.h>
| # endif
| # include <string.h>
| #endif
| #ifdef HAVE_STRINGS_H
| # include <strings.h>
| #endif
| #ifdef HAVE_INTTYPES_H
| # include <inttypes.h>
| #endif
| #ifdef HAVE_STDINT_H
| # include <stdint.h>
| #endif
| #ifdef HAVE_UNISTD_H
| # include <unistd.h>
| #endif
| 	        enum { N = 64 / 2 - 1 };
| int
| main ()
| {
| static int test_array [1 - 2 * !((int64_t) (((((int64_t) 1 << N) << N) - 1) * 2 + 1)
| 		 < (int64_t) (((((int64_t) 1 << N) << N) - 1) * 2 + 2))];
| test_array [0] = 0;
| return test_array [0];
| 
|   ;
|   return 0;
| }
configure:17243: result: yes
configure:17254: checking for size_t
configure:17254: g++ -c -g -O2  conftest.cpp >&5
configure:17254: $? = 0
configure:17254: g++ -c -g -O2  conftest.cpp >&5
conftest.cpp: In function 'int main()':
conftest.cpp:75:20: error: expected primary-expression before ')' token
 if (sizeof ((size_t)))
                    ^
configure:17254: $? = 1
configure: failed program was:
| /* confdefs.h */
| #define PACKAGE_NAME "protlib"
| #define PACKAGE_TARNAME "protlib"
| #define PACKAGE_VERSION "0.0.0.5550"
| #define PACKAGE_STRING "protlib 0.0.0.5550"
| #define PACKAGE_BUGREPORT "roland.bless@kit.edu"
| #define PACKAGE_URL ""
| #define PACKAGE "protlib"
| #define VERSION "0.0.0.5550"
| #define STDC_HEADERS 1
| #define HAVE_SYS_TYPES_H 1
| #define HAVE_SYS_STAT_H 1
| #define HAVE_STDLIB_H 1
| #define HAVE_STRING_H 1
| #define HAVE_MEMORY_H 1
| #define HAVE_STRINGS_H 1
| #define HAVE_INTTYPES_H 1
| #define HAVE_STDINT_H 1
| #define HAVE_UNISTD_H 1
| #define HAVE_DLFCN_H 1
| #define LT_OBJDIR ".libs/"
| #define HAVE_LIBSSL 1
| #define HAVE_LIBPTHREAD 1
| #define HAVE_LIBRT 1
| #define HAVE_LIBNETFILTER_QUEUE_LIBNETFILTER_QUEUE_H 1
| #define HAVE_LIBNETFILTER_QUEUE 1
| #define HAVE_ARPA_INET_H 1
| #define HAVE_FCNTL_H 1
| #define HAVE_NETDB_H 1
| #define HAVE_NETINET_IN_H 1
| #define HAVE_STDLIB_H 1
| #define HAVE_STRING_H 1
| #define HAVE_SYS_SOCKET_H 1
| #define HAVE_SYS_TIME_H 1
| #define HAVE_UNISTD_H 1
| #define STDC_HEADERS 1
| #define HAVE_STDBOOL_H 1
| /* end confdefs.h.  */
| #include <stdio.h>
| #ifdef HAVE_SYS_TYPES_H
| # include <sys/types.h>
| #endif
| #ifdef HAVE_SYS_STAT_H
| # include <sys/stat.h>
| #endif
| #ifdef STDC_HEADERS
| # include <stdlib.h>
| # include <stddef.h>
| #else
| # ifdef HAVE_STDLIB_H
| #  include <stdlib.h>
| # endif
| #endif
| #ifdef HAVE_STRING_H
| # if !defined STDC_HEADERS && defined HAVE_MEMORY_H
| #  include <memory.h>
| # endif
| # include <string.h>
| #endif
| #ifdef HAVE_STRINGS_H
| # include <strings.h>
| #endif
| #ifdef HAVE_INTTYPES_H
| # include <inttypes.h>
| #endif
| #ifdef HAVE_STDINT_H
| # include <stdint.h>
| #endif
| #ifdef HAVE_UNISTD_H
| # include <unistd.h>
| #endif
| int
| main ()
| {
| if (sizeof ((size_t)))
| 	    return 0;
|   ;
|   return 0;
| }
configure:17254: result: yes
configure:17265: checking whether time.h and sys/time.h may both be included
configure:17285: g++ -c -g -O2  conftest.cpp >&5
configure:17285: $? = 0
configure:17292: result: yes
configure:17300: checking whether struct tm is in sys/time.h or time.h
configure:17320: g++ -c -g -O2  conftest.cpp >&5
configure:17320: $? = 0
configure:17327: result: time.h
configure:17335: checking for uid_t in sys/types.h
configure:17354: result: yes
configure:17365: checking for uint16_t
configure:17365: g++ -c -g -O2  conftest.cpp >&5
configure:17365: $? = 0
configure:17365: result: yes
configure:17377: checking for uint32_t
configure:17377: g++ -c -g -O2  conftest.cpp >&5
configure:17377: $? = 0
configure:17377: result: yes
configure:17391: checking for uint8_t
configure:17391: g++ -c -g -O2  conftest.cpp >&5
configure:17391: $? = 0
configure:17391: result: yes
configure:17409: checking for stdlib.h
configure:17409: result: yes
configure:17419: checking for GNU libc compatible malloc
configure:17443: g++ -o conftest -g -O2   conftest.cpp -lnetfilter_queue -lrt -lpthread -lssl  >&5
configure:17443: $? = 0
configure:17443: ./conftest
configure:17443: $? = 0
configure:17453: result: yes
configure:17474: checking for working memcmp
configure:17517: g++ -o conftest -g -O2   conftest.cpp -lnetfilter_queue -lrt -lpthread -lssl  >&5
configure:17517: $? = 0
configure:17517: ./conftest
configure:17517: $? = 0
configure:17527: result: yes
configure:17536: checking return type of signal handlers
configure:17554: g++ -c -g -O2  conftest.cpp >&5
conftest.cpp: In function 'int main()':
conftest.cpp:48:22: error: void value not ignored as it ought to be
 return *(signal (0, 0)) (0) == 1;
                      ^
configure:17554: $? = 1
configure: failed program was:
| /* confdefs.h */
| #define PACKAGE_NAME "protlib"
| #define PACKAGE_TARNAME "protlib"
| #define PACKAGE_VERSION "0.0.0.5550"
| #define PACKAGE_STRING "protlib 0.0.0.5550"
| #define PACKAGE_BUGREPORT "roland.bless@kit.edu"
| #define PACKAGE_URL ""
| #define PACKAGE "protlib"
| #define VERSION "0.0.0.5550"
| #define STDC_HEADERS 1
| #define HAVE_SYS_TYPES_H 1
| #define HAVE_SYS_STAT_H 1
| #define HAVE_STDLIB_H 1
| #define HAVE_STRING_H 1
| #define HAVE_MEMORY_H 1
| #define HAVE_STRINGS_H 1
| #define HAVE_INTTYPES_H 1
| #define HAVE_STDINT_H 1
| #define HAVE_UNISTD_H 1
| #define HAVE_DLFCN_H 1
| #define LT_OBJDIR ".libs/"
| #define HAVE_LIBSSL 1
| #define HAVE_LIBPTHREAD 1
| #define HAVE_LIBRT 1
| #define HAVE_LIBNETFILTER_QUEUE_LIBNETFILTER_QUEUE_H 1
| #define HAVE_LIBNETFILTER_QUEUE 1
| #define HAVE_ARPA_INET_H 1
| #define HAVE_FCNTL_H 1
| #define HAVE_NETDB_H 1
| #define HAVE_NETINET_IN_H 1
| #define HAVE_STDLIB_H 1
| #define HAVE_STRING_H 1
| #define HAVE_SYS_SOCKET_H 1
| #define HAVE_SYS_TIME_H 1
| #define HAVE_UNISTD_H 1
| #define STDC_HEADERS 1
| #define HAVE_STDBOOL_H 1
| #define TIME_WITH_SYS_TIME 1
| #define HAVE_STDLIB_H 1
| #define HAVE_MALLOC 1
| /* end confdefs.h.  */
| #include <sys/types.h>
| #include <signal.h>
| 
| int
| main ()
| {
| return *(signal (0, 0)) (0) == 1;
|   ;
|   return 0;
| }
configure:17561: result: void
configure:17569: checking whether strerror_r is declared
configure:17569: g++ -c -g -O2  conftest.cpp >&5
configure:17569: $? = 0
configure:17569: result: yes
configure:17582: checking for strerror_r
configure:17582: g++ -o conftest -g -O2   conftest.cpp -lnetfilter_queue -lrt -lpthread -lssl  >&5
configure:17582: $? = 0
configure:17582: result: yes
configure:17591: checking whether strerror_r returns char *
configure:17615: g++ -c -g -O2  conftest.cpp >&5
configure:17615: $? = 0
configure:17653: result: yes
configure:17663: checking for strftime
configure:17663: g++ -o conftest -g -O2   conftest.cpp -lnetfilter_queue -lrt -lpthread -lssl  >&5
configure:17663: $? = 0
configure:17663: result: yes
configure:17719: checking for clock_gettime
configure:17719: g++ -o conftest -g -O2   conftest.cpp -lnetfilter_queue -lrt -lpthread -lssl  >&5
configure:17719: $? = 0
configure:17719: result: yes
configure:17719: checking for gethostname
configure:17719: g++ -o conftest -g -O2   conftest.cpp -lnetfilter_queue -lrt -lpthread -lssl  >&5
configure:17719: $? = 0
configure:17719: result: yes
configure:17719: checking for gettimeofday
configure:17719: g++ -o conftest -g -O2   conftest.cpp -lnetfilter_queue -lrt -lpthread -lssl  >&5
configure:17719: $? = 0
configure:17719: result: yes
configure:17719: checking for memmove
configure:17719: g++ -o conftest -g -O2   conftest.cpp -lnetfilter_queue -lrt -lpthread -lssl  >&5
configure:17719: $? = 0
configure:17719: result: yes
configure:17719: checking for memset
configure:17719: g++ -o conftest -g -O2   conftest.cpp -lnetfilter_queue -lrt -lpthread -lssl  >&5
configure:17719: $? = 0
configure:17719: result: yes
configure:17719: checking for socket
configure:17719: g++ -o conftest -g -O2   conftest.cpp -lnetfilter_queue -lrt -lpthread -lssl  >&5
configure:17719: $? = 0
configure:17719: result: yes
configure:17719: checking for strchr
configure:17719: g++ -o conftest -g -O2   conftest.cpp -lnetfilter_queue -lrt -lpthread -lssl  >&5
configure:17719: $? = 0
configure:17719: result: yes
configure:17719: checking for strerror
configure:17719: g++ -o conftest -g -O2   conftest.cpp -lnetfilter_queue -lrt -lpthread -lssl  >&5
configure:17719: $? = 0
configure:17719: result: yes
configure:17719: checking for strtol
configure:17719: g++ -o conftest -g -O2   conftest.cpp -lnetfilter_queue -lrt -lpthread -lssl  >&5
configure:17719: $? = 0
configure:17719: result: yes
configure:17794: checking for pkg-config
configure:17812: found /usr/bin/pkg-config
configure:17824: result: /usr/bin/pkg-config
configure:17849: checking pkg-config is at least version 0.9.0
configure:17852: result: yes
configure:17862: checking for CPPUNIT
configure:17869: $PKG_CONFIG --exists --print-errors "cppunit"
configure:17872: $? = 0
configure:17886: $PKG_CONFIG --exists --print-errors "cppunit"
configure:17889: $? = 0
configure:17929: result: yes
configure:18047: checking that generated files are newer than configure
configure:18053: result: done
configure:18108: creating ./config.status

## ---------------------- ##
## Running config.status. ##
## ---------------------- ##

This file was extended by protlib config.status 0.0.0.5550, which was
generated by GNU Autoconf 2.69.  Invocation command line was

  CONFIG_FILES    = 
  CONFIG_HEADERS  = 
  CONFIG_LINKS    = 
  CONFIG_COMMANDS = 
  $ ./config.status 

on luis-VirtualBox

config.status:1200: creating Makefile
config.status:1200: creating libprot-0.0.pc
config.status:1200: creating libfastqueue-0.0.pc
config.status:1200: creating fastqueue/Makefile
config.status:1200: creating src/Makefile
config.status:1200: creating test/Makefile
config.status:1200: creating config.h
config.status:1381: config.h is unchanged
config.status:1429: executing depfiles commands
config.status:1429: executing libtool commands

## ---------------- ##
## Cache variables. ##
## ---------------- ##

ac_cv_build=x86_64-unknown-linux-gnu
ac_cv_c_compiler_gnu=yes
ac_cv_c_const=yes
ac_cv_c_inline=inline
ac_cv_c_int32_t=yes
ac_cv_c_int64_t=yes
ac_cv_c_uint16_t=yes
ac_cv_c_uint32_t=yes
ac_cv_c_uint8_t=yes
ac_cv_cxx_compiler_gnu=yes
ac_cv_env_CCC_set=
ac_cv_env_CCC_value=
ac_cv_env_CC_set=
ac_cv_env_CC_value=
ac_cv_env_CFLAGS_set=
ac_cv_env_CFLAGS_value=
ac_cv_env_CPPFLAGS_set=
ac_cv_env_CPPFLAGS_value=
ac_cv_env_CPPUNIT_CFLAGS_set=
ac_cv_env_CPPUNIT_CFLAGS_value=
ac_cv_env_CPPUNIT_LIBS_set=
ac_cv_env_CPPUNIT_LIBS_value=
ac_cv_env_CPP_set=
ac_cv_env_CPP_value=
ac_cv_env_CXXCPP_set=
ac_cv_env_CXXCPP_value=
ac_cv_env_CXXFLAGS_set=
ac_cv_env_CXXFLAGS_value=
ac_cv_env_CXX_set=
ac_cv_env_CXX_value=
ac_cv_env_LDFLAGS_set=
ac_cv_env_LDFLAGS_value=
ac_cv_env_LIBS_set=
ac_cv_env_LIBS_value=
ac_cv_env_PKG_CONFIG_LIBDIR_set=
ac_cv_env_PKG_CONFIG_LIBDIR_value=
ac_cv_env_PKG_CONFIG_PATH_set=
ac_cv_env_PKG_CONFIG_PATH_value=
ac_cv_env_PKG_CONFIG_set=
ac_cv_env_PKG_CONFIG_value=
ac_cv_env_build_alias_set=
ac_cv_env_build_alias_value=
ac_cv_env_host_alias_set=
ac_cv_env_host_alias_value=
ac_cv_env_target_alias_set=
ac_cv_env_target_alias_value=
ac_cv_file__usr_include_libnetfilter_queue=yes
ac_cv_func_clock_gettime=yes
ac_cv_func_gethostname=yes
ac_cv_func_gettimeofday=yes
ac_cv_func_inet6_opt_init=yes
ac_cv_func_malloc_0_nonnull=yes
ac_cv_func_memcmp_working=yes
ac_cv_func_memmove=yes
ac_cv_func_memset=yes
ac_cv_func_socket=yes
ac_cv_func_strchr=yes
ac_cv_func_strerror=yes
ac_cv_func_strerror_r=yes
ac_cv_func_strerror_r_char_p=yes
ac_cv_func_strftime=yes
ac_cv_func_strtol=yes
ac_cv_have_decl_strerror_r=yes
ac_cv_header_arpa_inet_h=yes
ac_cv_header_dlfcn_h=yes
ac_cv_header_fcntl_h=yes
ac_cv_header_inttypes_h=yes
ac_cv_header_libnetfilter_queue_libnetfilter_queue_h=yes
ac_cv_header_memory_h=yes
ac_cv_header_netdb_h=yes
ac_cv_header_netinet_in_h=yes
ac_cv_header_stdbool_h=yes
ac_cv_header_stdc=yes
ac_cv_header_stdint_h=yes
ac_cv_header_stdlib_h=yes
ac_cv_header_string_h=yes
ac_cv_header_strings_h=yes
ac_cv_header_sys_socket_h=yes
ac_cv_header_sys_stat_h=yes
ac_cv_header_sys_time_h=yes
ac_cv_header_sys_types_h=yes
ac_cv_header_time=yes
ac_cv_header_unistd_h=yes
ac_cv_host=x86_64-unknown-linux-gnu
ac_cv_lib_netfilter_queue_nfq_get_payload=yes
ac_cv_lib_pthread_pthread_create=yes
ac_cv_lib_rt_clock_gettime=yes
ac_cv_lib_ssl_SSL_CTX_new=yes
ac_cv_objext=o
ac_cv_path_EGREP='/bin/grep -E'
ac_cv_path_FGREP='/bin/grep -F'
ac_cv_path_GREP=/bin/grep
ac_cv_path_SED=/bin/sed
ac_cv_path_ac_pt_PKG_CONFIG=/usr/bin/pkg-config
ac_cv_path_install='/usr/bin/install -c'
ac_cv_path_mkdir=/bin/mkdir
ac_cv_prog_AWK=gawk
ac_cv_prog_CPP='gcc -E'
ac_cv_prog_CXXCPP='g++ -E'
ac_cv_prog_ac_ct_AR=ar
ac_cv_prog_ac_ct_CC=gcc
ac_cv_prog_ac_ct_CXX=g++
ac_cv_prog_ac_ct_MANIFEST_TOOL=mt
ac_cv_prog_ac_ct_OBJDUMP=objdump
ac_cv_prog_ac_ct_RANLIB=ranlib
ac_cv_prog_ac_ct_STRIP=strip
ac_cv_prog_cc_c89=
ac_cv_prog_cc_g=yes
ac_cv_prog_cxx_g=yes
ac_cv_prog_make_make_set=yes
ac_cv_struct_tm=time.h
ac_cv_type__Bool=no
ac_cv_type_signal=void
ac_cv_type_size_t=yes
ac_cv_type_uid_t=yes
ac_cv_unordered_map_exists=yes
am_cv_CC_dependencies_compiler_type=gcc3
am_cv_CXX_dependencies_compiler_type=gcc3
am_cv_make_support_nested_variables=yes
am_cv_prog_cc_c_o=yes
lt_cv_ar_at_file=@
lt_cv_archive_cmds_need_lc=no
lt_cv_deplibs_check_method=pass_all
lt_cv_file_magic_cmd='$MAGIC_CMD'
lt_cv_file_magic_test_file=
lt_cv_ld_reload_flag=-r
lt_cv_nm_interface='BSD nm'
lt_cv_objdir=.libs
lt_cv_path_LD=/usr/bin/ld
lt_cv_path_LDCXX='/usr/bin/ld -m elf_x86_64'
lt_cv_path_NM='/usr/bin/nm -B'
lt_cv_path_mainfest_tool=no
lt_cv_prog_compiler_c_o=yes
lt_cv_prog_compiler_c_o_CXX=yes
lt_cv_prog_compiler_pic='-fPIC -DPIC'
lt_cv_prog_compiler_pic_CXX='-fPIC -DPIC'
lt_cv_prog_compiler_pic_works=yes
lt_cv_prog_compiler_pic_works_CXX=yes
lt_cv_prog_compiler_rtti_exceptions=no
lt_cv_prog_compiler_static_works=yes
lt_cv_prog_compiler_static_works_CXX=yes
lt_cv_prog_gnu_ld=yes
lt_cv_prog_gnu_ldcxx=yes
lt_cv_sharedlib_from_linklib_cmd='printf %s\n'
lt_cv_shlibpath_overrides_runpath=no
lt_cv_sys_global_symbol_pipe='sed -n -e '\''s/^.*[	 ]\([ABCDGIRSTW][ABCDGIRSTW]*\)[	 ][	 ]*\([_A-Za-z][_A-Za-z0-9]*\)$/\1 \2 \2/p'\'' | sed '\''/ __gnu_lto/d'\'''
lt_cv_sys_global_symbol_to_c_name_address='sed -n -e '\''s/^: \([^ ]*\)[ ]*$/  {\"\1\", (void *) 0},/p'\'' -e '\''s/^[ABCDGIRSTW]* \([^ ]*\) \([^ ]*\)$/  {"\2", (void *) \&\2},/p'\'''
lt_cv_sys_global_symbol_to_c_name_address_lib_prefix='sed -n -e '\''s/^: \([^ ]*\)[ ]*$/  {\"\1\", (void *) 0},/p'\'' -e '\''s/^[ABCDGIRSTW]* \([^ ]*\) \(lib[^ ]*\)$/  {"\2", (void *) \&\2},/p'\'' -e '\''s/^[ABCDGIRSTW]* \([^ ]*\) \([^ ]*\)$/  {"lib\2", (void *) \&\2},/p'\'''
lt_cv_sys_global_symbol_to_cdecl='sed -n -e '\''s/^T .* \(.*\)$/extern int \1();/p'\'' -e '\''s/^[ABCDGIRSTW]* .* \(.*\)$/extern char \1;/p'\'''
lt_cv_sys_max_cmd_len=1572864
lt_cv_to_host_file_cmd=func_convert_file_noop
lt_cv_to_tool_file_cmd=func_convert_file_noop
pkg_cv_CPPUNIT_CFLAGS=' '
pkg_cv_CPPUNIT_LIBS='-lcppunit  '

## ----------------- ##
## Output variables. ##
## ----------------- ##

ACLOCAL='aclocal-1.14'
AMDEPBACKSLASH='\'
AMDEP_FALSE='#'
AMDEP_TRUE=''
AMTAR='$${TAR-tar}'
AM_BACKSLASH='\'
AM_DEFAULT_V='$(AM_DEFAULT_VERBOSITY)'
AM_DEFAULT_VERBOSITY='1'
AM_V='$(V)'
AR='ar'
AUTOCONF='autoconf'
AUTOHEADER='autoheader'
AUTOMAKE='automake-1.14'
AWK='gawk'
CC='gcc'
CCDEPMODE='depmode=gcc3'
CFLAGS='-g -O2'
CPP='gcc -E'
CPPFLAGS=''
CPPUNIT_CFLAGS=' '
CPPUNIT_LIBS='-lcppunit  '
CXX='g++'
CXXCPP='g++ -E'
CXXDEPMODE='depmode=gcc3'
CXXFLAGS='-g -O2'
CYGPATH_W='echo'
DEFS='-DHAVE_CONFIG_H'
DEPDIR='.deps'
DLLTOOL='false'
DSYMUTIL=''
DUMPBIN=''
ECHO_C=''
ECHO_N='-n'
ECHO_T=''
EGREP='/bin/grep -E'
EXEEXT=''
FGREP='/bin/grep -F'
GREP='/bin/grep'
INSTALL_DATA='${INSTALL} -m 644'
INSTALL_PROGRAM='${INSTALL}'
INSTALL_SCRIPT='${INSTALL}'
INSTALL_STRIP_PROGRAM='$(install_sh) -c -s'
LD='/usr/bin/ld -m elf_x86_64'
LDFLAGS=''
LIBOBJS=''
LIBS='-lnetfilter_queue -lrt -lpthread -lssl '
LIBTOOL='$(SHELL) $(top_builddir)/libtool'
LIPO=''
LN_S='ln -s'
LTLIBOBJS=''
MAKEINFO='makeinfo'
MANIFEST_TOOL=':'
MKDIR_P='/bin/mkdir -p'
NETFILTER_QUEUE_INCLUDE=' -I /usr/include/libnetfilter_queue'
NM='/usr/bin/nm -B'
NMEDIT=''
OBJDUMP='objdump'
OBJEXT='o'
OTOOL64=''
OTOOL=''
PACKAGE='protlib'
PACKAGE_BUGREPORT='roland.bless@kit.edu'
PACKAGE_NAME='protlib'
PACKAGE_STRING='protlib 0.0.0.5550'
PACKAGE_TARNAME='protlib'
PACKAGE_URL=''
PACKAGE_VERSION='0.0.0.5550'
PATH_SEPARATOR=':'
PKG_CONFIG='/usr/bin/pkg-config'
PKG_CONFIG_LIBDIR=''
PKG_CONFIG_PATH=''
PROTLIB_DEBUG_FALSE='#'
PROTLIB_DEBUG_TRUE=''
PROTLIB_DISABLE_LOGGING_FALSE=''
PROTLIB_DISABLE_LOGGING_TRUE='#'
PROTLIB_NO_WARN_HASHMAP_FALSE='#'
PROTLIB_NO_WARN_HASHMAP_TRUE=''
PROTLIB_WITH_NFQ_FALSE='#'
PROTLIB_WITH_NFQ_TRUE=''
PROTLIB_WITH_SCTP_KERN_FALSE=''
PROTLIB_WITH_SCTP_KERN_TRUE='#'
RANLIB='ranlib'
SED='/bin/sed'
SET_MAKE=''
SHELL='/bin/bash'
STRIP='strip'
USE_RFC2292_FALSE=''
USE_RFC2292_TRUE='#'
VERSION='0.0.0.5550'
ac_ct_AR='ar'
ac_ct_CC='gcc'
ac_ct_CXX='g++'
ac_ct_DUMPBIN=''
am__EXEEXT_FALSE=''
am__EXEEXT_TRUE='#'
am__fastdepCC_FALSE='#'
am__fastdepCC_TRUE=''
am__fastdepCXX_FALSE='#'
am__fastdepCXX_TRUE=''
am__include='include'
am__isrc=''
am__leading_dot='.'
am__nodep='_no'
am__quote=''
am__tar='$${TAR-tar} chof - "$$tardir"'
am__untar='$${TAR-tar} xf -'
bindir='${exec_prefix}/bin'
build='x86_64-unknown-linux-gnu'
build_alias=''
build_cpu='x86_64'
build_os='linux-gnu'
build_vendor='unknown'
datadir='${datarootdir}'
datarootdir='${prefix}/share'
docdir='${datarootdir}/doc/${PACKAGE_TARNAME}'
dvidir='${docdir}'
exec_prefix='${prefix}'
host='x86_64-unknown-linux-gnu'
host_alias=''
host_cpu='x86_64'
host_os='linux-gnu'
host_vendor='unknown'
htmldir='${docdir}'
includedir='${prefix}/include'
infodir='${datarootdir}/info'
install_sh='${SHELL} /home/luis/nsis-ka-0.97/protlib/install-sh'
libdir='${exec_prefix}/lib'
libexecdir='${exec_prefix}/libexec'
localedir='${datarootdir}/locale'
localstatedir='${prefix}/var'
mandir='${datarootdir}/man'
mkdir_p='$(MKDIR_P)'
oldincludedir='/usr/include'
pdfdir='${docdir}'
pkgconfigdir='${libdir}/pkgconfig'
prefix='/usr/local'
program_transform_name='s,x,x,'
psdir='${docdir}'
sbindir='${exec_prefix}/sbin'
sharedstatedir='${prefix}/com'
sysconfdir='${prefix}/etc'
target_alias=''

## ----------- ##
## confdefs.h. ##
## ----------- ##

/* confdefs.h */
#define PACKAGE_NAME "protlib"
#define PACKAGE_TARNAME "protlib"
#define PACKAGE_VERSION "0.0.0.5550"
#define PACKAGE_STRING "protlib 0.0.0.5550"
#define PACKAGE_BUGREPORT "roland.bless@kit.edu"
#define PACKAGE_URL ""
#define PACKAGE "protlib"
#define VERSION "0.0.0.5550"
#define STDC_HEADERS 1
#define HAVE_SYS_TYPES_H 1
#define HAVE_SYS_STAT_H 1
#define HAVE_STDLIB_H 1
#define HAVE_STRING_H 1
#define HAVE_MEMORY_H 1
#define HAVE_STRINGS_H 1
#define HAVE_INTTYPES_H 1
#define HAVE_STDINT_H 1
#define HAVE_UNISTD_H 1
#define HAVE_DLFCN_H 1
#define LT_OBJDIR ".libs/"
#define HAVE_LIBSSL 1
#define HAVE_LIBPTHREAD 1
#define HAVE_LIBRT 1
#define HAVE_LIBNETFILTER_QUEUE_LIBNETFILTER_QUEUE_H 1
#define HAVE_LIBNETFILTER_QUEUE 1
#define HAVE_ARPA_INET_H 1
#define HAVE_FCNTL_H 1
#define HAVE_NETDB_H 1
#define HAVE_NETINET_IN_H 1
#define HAVE_STDLIB_H 1
#define HAVE_STRING_H 1
#define HAVE_SYS_SOCKET_H 1
#define HAVE_SYS_TIME_H 1
#define HAVE_UNISTD_H 1
#define STDC_HEADERS 1
#define HAVE_STDBOOL_H 1
#define TIME_WITH_SYS_TIME 1
#define HAVE_STDLIB_H 1
#define HAVE_MALLOC 1
#define RETSIGTYPE void
#define HAVE_DECL_STRERROR_R 1
#define HAVE_STRERROR_R 1
#define STRERROR_R_CHAR_P 1
#define HAVE_STRFTIME 1
#define HAVE_CLOCK_GETTIME 1
#define HAVE_GETHOSTNAME 1
#define HAVE_GETTIMEOFDAY 1
#define HAVE_MEMMOVE 1
#define HAVE_MEMSET 1
#define HAVE_SOCKET 1
#define HAVE_STRCHR 1
#define HAVE_STRERROR 1
#define HAVE_STRTOL 1

configure: exit 0

## ---------------------- ##
## Running config.status. ##
## ---------------------- ##

This file was extended by protlib config.status 0.0.0.5550, which was
generated by GNU Autoconf 2.69.  Invocation command line was

  CONFIG_FILES    = 
  CONFIG_HEADERS  = 
  CONFIG_LINKS    = 
  CONFIG_COMMANDS = 
  $ ./config.status config.h

on luis-VirtualBox

config.status:1200: creating config.h
config.status:1381: config.h is unchanged
