This file contains any messages produced by compilers while
running configure, to aid debugging if configure makes a mistake.

It was created by gist-ka configure 0.97, which was
generated by GNU Autoconf 2.69.  Invocation command line was

  $ ./configure --enable-nfq

## --------- ##
## Platform. ##
## --------- ##

hostname = luis-VirtualBox
uname -m = x86_64
uname -r = 3.13.0-32-generic
uname -s = Linux
uname -v = #57-Ubuntu SMP Tue Jul 15 03:51:08 UTC 2014

/usr/bin/uname -p = unknown
/bin/uname -X     = unknown

/bin/arch              = unknown
/usr/bin/arch -k       = unknown
/usr/convex/getsysinfo = unknown
/usr/bin/hostinfo      = unknown
/bin/machine           = unknown
/usr/bin/oslevel       = unknown
/bin/universe          = unknown

PATH: /usr/local/sbin
PATH: /usr/local/bin
PATH: /usr/sbin
PATH: /usr/bin
PATH: /sbin
PATH: /bin
PATH: /usr/games
PATH: /usr/local/games


## ----------- ##
## Core tests. ##
## ----------- ##

configure:2518: checking for a BSD-compatible install
configure:2586: result: /usr/bin/install -c
configure:2597: checking whether build environment is sane
configure:2652: result: yes
configure:2690: WARNING: 'missing' script is too old or missing
configure:2803: checking for a thread-safe mkdir -p
configure:2842: result: /bin/mkdir -p
configure:2849: checking for gawk
configure:2865: found /usr/bin/gawk
configure:2876: result: gawk
configure:2887: checking whether make sets $(MAKE)
configure:2909: result: yes
configure:2938: checking whether make supports nested variables
configure:2955: result: yes
configure:3142: checking for g++
configure:3158: found /usr/bin/g++
configure:3169: result: g++
configure:3196: checking for C++ compiler version
configure:3205: g++ --version >&5
g++ (Ubuntu 4.8.2-19ubuntu1) 4.8.2
Copyright (C) 2013 Free Software Foundation, Inc.
This is free software; see the source for copying conditions.  There is NO
warranty; not even for MERCHANTABILITY or FITNESS FOR A PARTICULAR PURPOSE.

configure:3216: $? = 0
configure:3205: g++ -v >&5
Using built-in specs.
COLLECT_GCC=g++
COLLECT_LTO_WRAPPER=/usr/lib/gcc/x86_64-linux-gnu/4.8/lto-wrapper
Target: x86_64-linux-gnu
Configured with: ../src/configure -v --with-pkgversion='Ubuntu 4.8.2-19ubuntu1' --with-bugurl=file:///usr/share/doc/gcc-4.8/README.Bugs --enable-languages=c,c++,java,go,d,fortran,objc,obj-c++ --prefix=/usr --program-suffix=-4.8 --enable-shared --enable-linker-build-id --libexecdir=/usr/lib --without-included-gettext --enable-threads=posix --with-gxx-include-dir=/usr/include/c++/4.8 --libdir=/usr/lib --enable-nls --with-sysroot=/ --enable-clocale=gnu --enable-libstdcxx-debug --enable-libstdcxx-time=yes --enable-gnu-unique-object --disable-libmudflap --enable-plugin --with-system-zlib --disable-browser-plugin --enable-java-awt=gtk --enable-gtk-cairo --with-java-home=/usr/lib/jvm/java-1.5.0-gcj-4.8-amd64/jre --enable-java-home --with-jvm-root-dir=/usr/lib/jvm/java-1.5.0-gcj-4.8-amd64 --with-jvm-jar-dir=/usr/lib/jvm-exports/java-1.5.0-gcj-4.8-amd64 --with-arch-directory=amd64 --with-ecj-jar=/usr/share/java/eclipse-ecj.jar --enable-objc-gc --enable-multiarch --disable-werror --with-arch-32=i686 --with-abi=m64 --with-multilib-list=m32,m64,mx32 --with-tune=generic --enable-checking=release --build=x86_64-linux-gnu --host=x86_64-linux-gnu --target=x86_64-linux-gnu
Thread model: posix
gcc version 4.8.2 (Ubuntu 4.8.2-19ubuntu1) 
configure:3216: $? = 0
configure:3205: g++ -V >&5
g++: error: unrecognized command line option '-V'
g++: fatal error: no input files
compilation terminated.
configure:3216: $? = 4
configure:3205: g++ -qversion >&5
g++: error: unrecognized command line option '-qversion'
g++: fatal error: no input files
compilation terminated.
configure:3216: $? = 4
configure:3236: checking whether the C++ compiler works
configure:3258: g++    conftest.cpp  >&5
configure:3262: $? = 0
configure:3310: result: yes
configure:3313: checking for C++ compiler default output file name
configure:3315: result: a.out
configure:3321: checking for suffix of executables
configure:3328: g++ -o conftest    conftest.cpp  >&5
configure:3332: $? = 0
configure:3354: result: 
configure:3376: checking whether we are cross compiling
configure:3384: g++ -o conftest    conftest.cpp  >&5
configure:3388: $? = 0
configure:3395: ./conftest
configure:3399: $? = 0
configure:3414: result: no
configure:3419: checking for suffix of object files
configure:3441: g++ -c   conftest.cpp >&5
configure:3445: $? = 0
configure:3466: result: o
configure:3470: checking whether we are using the GNU C++ compiler
configure:3489: g++ -c   conftest.cpp >&5
configure:3489: $? = 0
configure:3498: result: yes
configure:3507: checking whether g++ accepts -g
configure:3527: g++ -c -g  conftest.cpp >&5
configure:3527: $? = 0
configure:3568: result: yes
configure:3602: checking for style of include used by make
configure:3630: result: GNU
configure:3656: checking dependency style of g++
configure:3767: result: gcc3
configure:3830: checking for gcc
configure:3846: found /usr/bin/gcc
configure:3857: result: gcc
configure:4086: checking for C compiler version
configure:4095: gcc --version >&5
gcc (Ubuntu 4.8.2-19ubuntu1) 4.8.2
Copyright (C) 2013 Free Software Foundation, Inc.
This is free software; see the source for copying conditions.  There is NO
warranty; not even for MERCHANTABILITY or FITNESS FOR A PARTICULAR PURPOSE.

configure:4106: $? = 0
configure:4095: gcc -v >&5
Using built-in specs.
COLLECT_GCC=gcc
COLLECT_LTO_WRAPPER=/usr/lib/gcc/x86_64-linux-gnu/4.8/lto-wrapper
Target: x86_64-linux-gnu
Configured with: ../src/configure -v --with-pkgversion='Ubuntu 4.8.2-19ubuntu1' --with-bugurl=file:///usr/share/doc/gcc-4.8/README.Bugs --enable-languages=c,c++,java,go,d,fortran,objc,obj-c++ --prefix=/usr --program-suffix=-4.8 --enable-shared --enable-linker-build-id --libexecdir=/usr/lib --without-included-gettext --enable-threads=posix --with-gxx-include-dir=/usr/include/c++/4.8 --libdir=/usr/lib --enable-nls --with-sysroot=/ --enable-clocale=gnu --enable-libstdcxx-debug --enable-libstdcxx-time=yes --enable-gnu-unique-object --disable-libmudflap --enable-plugin --with-system-zlib --disable-browser-plugin --enable-java-awt=gtk --enable-gtk-cairo --with-java-home=/usr/lib/jvm/java-1.5.0-gcj-4.8-amd64/jre --enable-java-home --with-jvm-root-dir=/usr/lib/jvm/java-1.5.0-gcj-4.8-amd64 --with-jvm-jar-dir=/usr/lib/jvm-exports/java-1.5.0-gcj-4.8-amd64 --with-arch-directory=amd64 --with-ecj-jar=/usr/share/java/eclipse-ecj.jar --enable-objc-gc --enable-multiarch --disable-werror --with-arch-32=i686 --with-abi=m64 --with-multilib-list=m32,m64,mx32 --with-tune=generic --enable-checking=release --build=x86_64-linux-gnu --host=x86_64-linux-gnu --target=x86_64-linux-gnu
Thread model: posix
gcc version 4.8.2 (Ubuntu 4.8.2-19ubuntu1) 
configure:4106: $? = 0
configure:4095: gcc -V >&5
gcc: error: unrecognized command line option '-V'
gcc: fatal error: no input files
compilation terminated.
configure:4106: $? = 4
configure:4095: gcc -qversion >&5
gcc: error: unrecognized command line option '-qversion'
gcc: fatal error: no input files
compilation terminated.
configure:4106: $? = 4
configure:4110: checking whether we are using the GNU C compiler
configure:4129: gcc -c   conftest.c >&5
configure:4129: $? = 0
configure:4138: result: yes
configure:4147: checking whether gcc accepts -g
configure:4167: gcc -c -g  conftest.c >&5
configure:4167: $? = 0
configure:4208: result: yes
configure:4225: checking for gcc option to accept ISO C89
configure:4288: gcc  -c -g -O2  conftest.c >&5
configure:4288: $? = 0
configure:4301: result: none needed
configure:4326: checking whether gcc understands -c and -o together
configure:4348: gcc -c conftest.c -o conftest2.o
configure:4351: $? = 0
configure:4348: gcc -c conftest.c -o conftest2.o
configure:4351: $? = 0
configure:4363: result: yes
configure:4382: checking dependency style of gcc
configure:4493: result: gcc3
configure:4508: checking whether make sets $(MAKE)
configure:4530: result: yes
configure:4544: checking how to run the C preprocessor
configure:4575: gcc -E  conftest.c
configure:4575: $? = 0
configure:4589: gcc -E  conftest.c
conftest.c:11:28: fatal error: ac_nonexistent.h: No such file or directory
 #include <ac_nonexistent.h>
                            ^
compilation terminated.
configure:4589: $? = 1
configure: failed program was:
| /* confdefs.h */
| #define PACKAGE_NAME "gist-ka"
| #define PACKAGE_TARNAME "gist-ka"
| #define PACKAGE_VERSION "0.97"
| #define PACKAGE_STRING "gist-ka 0.97"
| #define PACKAGE_BUGREPORT "roland.bless@kit.edu"
| #define PACKAGE_URL ""
| #define PACKAGE "gist-ka"
| #define VERSION "0.97"
| /* end confdefs.h.  */
| #include <ac_nonexistent.h>
configure:4614: result: gcc -E
configure:4634: gcc -E  conftest.c
configure:4634: $? = 0
configure:4648: gcc -E  conftest.c
conftest.c:11:28: fatal error: ac_nonexistent.h: No such file or directory
 #include <ac_nonexistent.h>
                            ^
compilation terminated.
configure:4648: $? = 1
configure: failed program was:
| /* confdefs.h */
| #define PACKAGE_NAME "gist-ka"
| #define PACKAGE_TARNAME "gist-ka"
| #define PACKAGE_VERSION "0.97"
| #define PACKAGE_STRING "gist-ka 0.97"
| #define PACKAGE_BUGREPORT "roland.bless@kit.edu"
| #define PACKAGE_URL ""
| #define PACKAGE "gist-ka"
| #define VERSION "0.97"
| /* end confdefs.h.  */
| #include <ac_nonexistent.h>
configure:4726: checking for ar
configure:4742: found /usr/bin/ar
configure:4753: result: ar
configure:4779: checking the archiver (ar) interface
configure:4795: gcc -c -g -O2  conftest.c >&5
configure:4795: $? = 0
configure:4797: ar cru libconftest.a conftest.o >&5
configure:4800: $? = 0
configure:4828: result: ar
configure:4878: checking build system type
configure:4892: result: x86_64-unknown-linux-gnu
configure:4912: checking host system type
configure:4925: result: x86_64-unknown-linux-gnu
configure:4966: checking how to print strings
configure:4993: result: printf
configure:5014: checking for a sed that does not truncate output
configure:5078: result: /bin/sed
configure:5096: checking for grep that handles long lines and -e
configure:5154: result: /bin/grep
configure:5159: checking for egrep
configure:5221: result: /bin/grep -E
configure:5226: checking for fgrep
configure:5288: result: /bin/grep -F
configure:5323: checking for ld used by gcc
configure:5390: result: /usr/bin/ld
configure:5397: checking if the linker (/usr/bin/ld) is GNU ld
configure:5412: result: yes
configure:5424: checking for BSD- or MS-compatible name lister (nm)
configure:5473: result: /usr/bin/nm -B
configure:5603: checking the name lister (/usr/bin/nm -B) interface
configure:5610: gcc -c -g -O2  conftest.c >&5
configure:5613: /usr/bin/nm -B "conftest.o"
configure:5616: output
0000000000000000 B some_variable
configure:5623: result: BSD nm
configure:5626: checking whether ln -s works
configure:5630: result: yes
configure:5638: checking the maximum length of command line arguments
configure:5769: result: 1572864
configure:5786: checking whether the shell understands some XSI constructs
configure:5796: result: yes
configure:5800: checking whether the shell understands "+="
configure:5806: result: yes
configure:5841: checking how to convert x86_64-unknown-linux-gnu file names to x86_64-unknown-linux-gnu format
configure:5881: result: func_convert_file_noop
configure:5888: checking how to convert x86_64-unknown-linux-gnu file names to toolchain format
configure:5908: result: func_convert_file_noop
configure:5915: checking for /usr/bin/ld option to reload object files
configure:5922: result: -r
configure:5996: checking for objdump
configure:6012: found /usr/bin/objdump
configure:6023: result: objdump
configure:6055: checking how to recognize dependent libraries
configure:6253: result: pass_all
configure:6338: checking for dlltool
configure:6368: result: no
configure:6398: checking how to associate runtime and link libraries
configure:6425: result: printf %s\n
configure:6549: checking for archiver @FILE support
configure:6566: gcc -c -g -O2  conftest.c >&5
configure:6566: $? = 0
configure:6569: ar cru libconftest.a @conftest.lst >&5
configure:6572: $? = 0
configure:6577: ar cru libconftest.a @conftest.lst >&5
ar: conftest.o: No such file or directory
configure:6580: $? = 1
configure:6592: result: @
configure:6650: checking for strip
configure:6666: found /usr/bin/strip
configure:6677: result: strip
configure:6749: checking for ranlib
configure:6765: found /usr/bin/ranlib
configure:6776: result: ranlib
configure:6878: checking command to parse /usr/bin/nm -B output from gcc object
configure:6998: gcc -c -g -O2  conftest.c >&5
configure:7001: $? = 0
configure:7005: /usr/bin/nm -B conftest.o \| sed -n -e 's/^.*[ ]\([ABCDGIRSTW][ABCDGIRSTW]*\)[ ][ ]*\([_A-Za-z][_A-Za-z0-9]*\)$/\1 \2 \2/p' | sed '/ __gnu_lto/d' \> conftest.nm
configure:7008: $? = 0
configure:7074: gcc -o conftest -g -O2   conftest.c conftstm.o >&5
configure:7077: $? = 0
configure:7115: result: ok
configure:7152: checking for sysroot
configure:7182: result: no
configure:7259: gcc -c -g -O2  conftest.c >&5
configure:7262: $? = 0
configure:7451: checking for mt
configure:7467: found /bin/mt
configure:7478: result: mt
configure:7501: checking if mt is a manifest tool
configure:7507: mt '-?'
configure:7515: result: no
configure:8153: checking for ANSI C header files
configure:8173: gcc -c -g -O2  conftest.c >&5
configure:8173: $? = 0
configure:8246: gcc -o conftest -g -O2   conftest.c  >&5
configure:8246: $? = 0
configure:8246: ./conftest
configure:8246: $? = 0
configure:8257: result: yes
configure:8270: checking for sys/types.h
configure:8270: gcc -c -g -O2  conftest.c >&5
configure:8270: $? = 0
configure:8270: result: yes
configure:8270: checking for sys/stat.h
configure:8270: gcc -c -g -O2  conftest.c >&5
configure:8270: $? = 0
configure:8270: result: yes
configure:8270: checking for stdlib.h
configure:8270: gcc -c -g -O2  conftest.c >&5
configure:8270: $? = 0
configure:8270: result: yes
configure:8270: checking for string.h
configure:8270: gcc -c -g -O2  conftest.c >&5
configure:8270: $? = 0
configure:8270: result: yes
configure:8270: checking for memory.h
configure:8270: gcc -c -g -O2  conftest.c >&5
configure:8270: $? = 0
configure:8270: result: yes
configure:8270: checking for strings.h
configure:8270: gcc -c -g -O2  conftest.c >&5
configure:8270: $? = 0
configure:8270: result: yes
configure:8270: checking for inttypes.h
configure:8270: gcc -c -g -O2  conftest.c >&5
configure:8270: $? = 0
configure:8270: result: yes
configure:8270: checking for stdint.h
configure:8270: gcc -c -g -O2  conftest.c >&5
configure:8270: $? = 0
configure:8270: result: yes
configure:8270: checking for unistd.h
configure:8270: gcc -c -g -O2  conftest.c >&5
configure:8270: $? = 0
configure:8270: result: yes
configure:8284: checking for dlfcn.h
configure:8284: gcc -c -g -O2  conftest.c >&5
configure:8284: $? = 0
configure:8284: result: yes
configure:8501: checking for objdir
configure:8516: result: .libs
configure:8787: checking if gcc supports -fno-rtti -fno-exceptions
configure:8805: gcc -c -g -O2  -fno-rtti -fno-exceptions conftest.c >&5
cc1: warning: command line option '-fno-rtti' is valid for C++/ObjC++ but not for C [enabled by default]
configure:8809: $? = 0
configure:8822: result: no
configure:9149: checking for gcc option to produce PIC
configure:9156: result: -fPIC -DPIC
configure:9164: checking if gcc PIC flag -fPIC -DPIC works
configure:9182: gcc -c -g -O2  -fPIC -DPIC -DPIC conftest.c >&5
configure:9186: $? = 0
configure:9199: result: yes
configure:9228: checking if gcc static flag -static works
configure:9256: result: yes
configure:9271: checking if gcc supports -c -o file.o
configure:9292: gcc -c -g -O2  -o out/conftest2.o conftest.c >&5
configure:9296: $? = 0
configure:9318: result: yes
configure:9326: checking if gcc supports -c -o file.o
configure:9373: result: yes
configure:9406: checking whether the gcc linker (/usr/bin/ld -m elf_x86_64) supports shared libraries
configure:10563: result: yes
configure:10600: checking whether -lc should be explicitly linked in
configure:10608: gcc -c -g -O2  conftest.c >&5
configure:10611: $? = 0
configure:10626: gcc -shared  -fPIC -DPIC conftest.o  -v -Wl,-soname -Wl,conftest -o conftest 2\>\&1 \| /bin/grep  -lc  \>/dev/null 2\>\&1
configure:10629: $? = 0
configure:10643: result: no
configure:10803: checking dynamic linker characteristics
configure:11303: gcc -o conftest -g -O2   -Wl,-rpath -Wl,/foo conftest.c  >&5
configure:11303: $? = 0
configure:11537: result: GNU/Linux ld.so
configure:11644: checking how to hardcode library paths into programs
configure:11669: result: immediate
configure:12209: checking whether stripping libraries is possible
configure:12214: result: yes
configure:12249: checking if libtool supports shared libraries
configure:12251: result: yes
configure:12254: checking whether to build shared libraries
configure:12275: result: yes
configure:12278: checking whether to build static libraries
configure:12282: result: yes
configure:12305: checking how to run the C++ preprocessor
configure:12332: g++ -E  conftest.cpp
configure:12332: $? = 0
configure:12346: g++ -E  conftest.cpp
conftest.cpp:23:28: fatal error: ac_nonexistent.h: No such file or directory
 #include <ac_nonexistent.h>
                            ^
compilation terminated.
configure:12346: $? = 1
configure: failed program was:
| /* confdefs.h */
| #define PACKAGE_NAME "gist-ka"
| #define PACKAGE_TARNAME "gist-ka"
| #define PACKAGE_VERSION "0.97"
| #define PACKAGE_STRING "gist-ka 0.97"
| #define PACKAGE_BUGREPORT "roland.bless@kit.edu"
| #define PACKAGE_URL ""
| #define PACKAGE "gist-ka"
| #define VERSION "0.97"
| #define STDC_HEADERS 1
| #define HAVE_SYS_TYPES_H 1
| #define HAVE_SYS_STAT_H 1
| #define HAVE_STDLIB_H 1
| #define HAVE_STRING_H 1
| #define HAVE_MEMORY_H 1
| #define HAVE_STRINGS_H 1
| #define HAVE_INTTYPES_H 1
| #define HAVE_STDINT_H 1
| #define HAVE_UNISTD_H 1
| #define HAVE_DLFCN_H 1
| #define LT_OBJDIR ".libs/"
| /* end confdefs.h.  */
| #include <ac_nonexistent.h>
configure:12371: result: g++ -E
configure:12391: g++ -E  conftest.cpp
configure:12391: $? = 0
configure:12405: g++ -E  conftest.cpp
conftest.cpp:23:28: fatal error: ac_nonexistent.h: No such file or directory
 #include <ac_nonexistent.h>
                            ^
compilation terminated.
configure:12405: $? = 1
configure: failed program was:
| /* confdefs.h */
| #define PACKAGE_NAME "gist-ka"
| #define PACKAGE_TARNAME "gist-ka"
| #define PACKAGE_VERSION "0.97"
| #define PACKAGE_STRING "gist-ka 0.97"
| #define PACKAGE_BUGREPORT "roland.bless@kit.edu"
| #define PACKAGE_URL ""
| #define PACKAGE "gist-ka"
| #define VERSION "0.97"
| #define STDC_HEADERS 1
| #define HAVE_SYS_TYPES_H 1
| #define HAVE_SYS_STAT_H 1
| #define HAVE_STDLIB_H 1
| #define HAVE_STRING_H 1
| #define HAVE_MEMORY_H 1
| #define HAVE_STRINGS_H 1
| #define HAVE_INTTYPES_H 1
| #define HAVE_STDINT_H 1
| #define HAVE_UNISTD_H 1
| #define HAVE_DLFCN_H 1
| #define LT_OBJDIR ".libs/"
| /* end confdefs.h.  */
| #include <ac_nonexistent.h>
configure:12574: checking for ld used by g++
configure:12641: result: /usr/bin/ld -m elf_x86_64
configure:12648: checking if the linker (/usr/bin/ld -m elf_x86_64) is GNU ld
configure:12663: result: yes
configure:12718: checking whether the g++ linker (/usr/bin/ld -m elf_x86_64) supports shared libraries
configure:13720: result: yes
configure:13756: g++ -c -g -O2  conftest.cpp >&5
configure:13759: $? = 0
configure:14279: checking for g++ option to produce PIC
configure:14286: result: -fPIC -DPIC
configure:14294: checking if g++ PIC flag -fPIC -DPIC works
configure:14312: g++ -c -g -O2  -fPIC -DPIC -DPIC conftest.cpp >&5
configure:14316: $? = 0
configure:14329: result: yes
configure:14352: checking if g++ static flag -static works
configure:14380: result: yes
configure:14392: checking if g++ supports -c -o file.o
configure:14413: g++ -c -g -O2  -o out/conftest2.o conftest.cpp >&5
configure:14417: $? = 0
configure:14439: result: yes
configure:14444: checking if g++ supports -c -o file.o
configure:14491: result: yes
configure:14521: checking whether the g++ linker (/usr/bin/ld -m elf_x86_64) supports shared libraries
configure:14560: result: yes
configure:14701: checking dynamic linker characteristics
configure:15369: result: GNU/Linux ld.so
configure:15422: checking how to hardcode library paths into programs
configure:15447: result: immediate
configure:15513: checking for main in -lcppunit
configure:15532: gcc -o conftest -g -O2   conftest.c -lcppunit   >&5
configure:15532: $? = 0
configure:15541: result: yes
configure:15554: checking for ANSI C header files
configure:15658: result: yes
configure:15669: checking arpa/inet.h usability
configure:15669: gcc -c -g -O2  conftest.c >&5
configure:15669: $? = 0
configure:15669: result: yes
configure:15669: checking arpa/inet.h presence
configure:15669: gcc -E  conftest.c
configure:15669: $? = 0
configure:15669: result: yes
configure:15669: checking for arpa/inet.h
configure:15669: result: yes
configure:15669: checking netdb.h usability
configure:15669: gcc -c -g -O2  conftest.c >&5
configure:15669: $? = 0
configure:15669: result: yes
configure:15669: checking netdb.h presence
configure:15669: gcc -E  conftest.c
configure:15669: $? = 0
configure:15669: result: yes
configure:15669: checking for netdb.h
configure:15669: result: yes
configure:15669: checking netinet/in.h usability
configure:15669: gcc -c -g -O2  conftest.c >&5
configure:15669: $? = 0
configure:15669: result: yes
configure:15669: checking netinet/in.h presence
configure:15669: gcc -E  conftest.c
configure:15669: $? = 0
configure:15669: result: yes
configure:15669: checking for netinet/in.h
configure:15669: result: yes
configure:15669: checking for stdlib.h
configure:15669: result: yes
configure:15669: checking for string.h
configure:15669: result: yes
configure:15669: checking sys/param.h usability
configure:15669: gcc -c -g -O2  conftest.c >&5
configure:15669: $? = 0
configure:15669: result: yes
configure:15669: checking sys/param.h presence
configure:15669: gcc -E  conftest.c
configure:15669: $? = 0
configure:15669: result: yes
configure:15669: checking for sys/param.h
configure:15669: result: yes
configure:15669: checking sys/socket.h usability
configure:15669: gcc -c -g -O2  conftest.c >&5
configure:15669: $? = 0
configure:15669: result: yes
configure:15669: checking sys/socket.h presence
configure:15669: gcc -E  conftest.c
configure:15669: $? = 0
configure:15669: result: yes
configure:15669: checking for sys/socket.h
configure:15669: result: yes
configure:15669: checking sys/time.h usability
configure:15669: gcc -c -g -O2  conftest.c >&5
configure:15669: $? = 0
configure:15669: result: yes
configure:15669: checking sys/time.h presence
configure:15669: gcc -E  conftest.c
configure:15669: $? = 0
configure:15669: result: yes
configure:15669: checking for sys/time.h
configure:15669: result: yes
configure:15669: checking for unistd.h
configure:15669: result: yes
configure:15681: checking for stdbool.h that conforms to C99
configure:15748: gcc -c -g -O2  conftest.c >&5
configure:15748: $? = 0
configure:15755: result: yes
configure:15757: checking for _Bool
configure:15757: gcc -c -g -O2  conftest.c >&5
configure:15757: $? = 0
configure:15757: gcc -c -g -O2  conftest.c >&5
conftest.c: In function 'main':
conftest.c:70:20: error: expected expression before ')' token
 if (sizeof ((_Bool)))
                    ^
configure:15757: $? = 1
configure: failed program was:
| /* confdefs.h */
| #define PACKAGE_NAME "gist-ka"
| #define PACKAGE_TARNAME "gist-ka"
| #define PACKAGE_VERSION "0.97"
| #define PACKAGE_STRING "gist-ka 0.97"
| #define PACKAGE_BUGREPORT "roland.bless@kit.edu"
| #define PACKAGE_URL ""
| #define PACKAGE "gist-ka"
| #define VERSION "0.97"
| #define STDC_HEADERS 1
| #define HAVE_SYS_TYPES_H 1
| #define HAVE_SYS_STAT_H 1
| #define HAVE_STDLIB_H 1
| #define HAVE_STRING_H 1
| #define HAVE_MEMORY_H 1
| #define HAVE_STRINGS_H 1
| #define HAVE_INTTYPES_H 1
| #define HAVE_STDINT_H 1
| #define HAVE_UNISTD_H 1
| #define HAVE_DLFCN_H 1
| #define LT_OBJDIR ".libs/"
| #define HAVE_LIBCPPUNIT 1
| #define STDC_HEADERS 1
| #define HAVE_ARPA_INET_H 1
| #define HAVE_NETDB_H 1
| #define HAVE_NETINET_IN_H 1
| #define HAVE_STDLIB_H 1
| #define HAVE_STRING_H 1
| #define HAVE_SYS_PARAM_H 1
| #define HAVE_SYS_SOCKET_H 1
| #define HAVE_SYS_TIME_H 1
| #define HAVE_UNISTD_H 1
| /* end confdefs.h.  */
| #include <stdio.h>
| #ifdef HAVE_SYS_TYPES_H
| # include <sys/types.h>
| #endif
| #ifdef HAVE_SYS_STAT_H
| # include <sys/stat.h>
| #endif
| #ifdef STDC_HEADERS
| # include <stdlib.h>
| # include <stddef.h>
| #else
| # ifdef HAVE_STDLIB_H
| #  include <stdlib.h>
| # endif
| #endif
| #ifdef HAVE_STRING_H
| # if !defined STDC_HEADERS && defined HAVE_MEMORY_H
| #  include <memory.h>
| # endif
| # include <string.h>
| #endif
| #ifdef HAVE_STRINGS_H
| # include <strings.h>
| #endif
| #ifdef HAVE_INTTYPES_H
| # include <inttypes.h>
| #endif
| #ifdef HAVE_STDINT_H
| # include <stdint.h>
| #endif
| #ifdef HAVE_UNISTD_H
| # include <unistd.h>
| #endif
| int
| main ()
| {
| if (sizeof ((_Bool)))
| 	    return 0;
|   ;
|   return 0;
| }
configure:15757: result: yes
configure:15774: checking for an ANSI C-conforming const
configure:15840: gcc -c -g -O2  conftest.c >&5
configure:15840: $? = 0
configure:15847: result: yes
configure:15855: checking for inline
configure:15871: gcc -c -g -O2  conftest.c >&5
configure:15871: $? = 0
configure:15879: result: inline
configure:15897: checking for mode_t
configure:15897: gcc -c -g -O2  conftest.c >&5
configure:15897: $? = 0
configure:15897: gcc -c -g -O2  conftest.c >&5
conftest.c: In function 'main':
conftest.c:72:21: error: expected expression before ')' token
 if (sizeof ((mode_t)))
                     ^
configure:15897: $? = 1
configure: failed program was:
| /* confdefs.h */
| #define PACKAGE_NAME "gist-ka"
| #define PACKAGE_TARNAME "gist-ka"
| #define PACKAGE_VERSION "0.97"
| #define PACKAGE_STRING "gist-ka 0.97"
| #define PACKAGE_BUGREPORT "roland.bless@kit.edu"
| #define PACKAGE_URL ""
| #define PACKAGE "gist-ka"
| #define VERSION "0.97"
| #define STDC_HEADERS 1
| #define HAVE_SYS_TYPES_H 1
| #define HAVE_SYS_STAT_H 1
| #define HAVE_STDLIB_H 1
| #define HAVE_STRING_H 1
| #define HAVE_MEMORY_H 1
| #define HAVE_STRINGS_H 1
| #define HAVE_INTTYPES_H 1
| #define HAVE_STDINT_H 1
| #define HAVE_UNISTD_H 1
| #define HAVE_DLFCN_H 1
| #define LT_OBJDIR ".libs/"
| #define HAVE_LIBCPPUNIT 1
| #define STDC_HEADERS 1
| #define HAVE_ARPA_INET_H 1
| #define HAVE_NETDB_H 1
| #define HAVE_NETINET_IN_H 1
| #define HAVE_STDLIB_H 1
| #define HAVE_STRING_H 1
| #define HAVE_SYS_PARAM_H 1
| #define HAVE_SYS_SOCKET_H 1
| #define HAVE_SYS_TIME_H 1
| #define HAVE_UNISTD_H 1
| #define HAVE__BOOL 1
| #define HAVE_STDBOOL_H 1
| /* end confdefs.h.  */
| #include <stdio.h>
| #ifdef HAVE_SYS_TYPES_H
| # include <sys/types.h>
| #endif
| #ifdef HAVE_SYS_STAT_H
| # include <sys/stat.h>
| #endif
| #ifdef STDC_HEADERS
| # include <stdlib.h>
| # include <stddef.h>
| #else
| # ifdef HAVE_STDLIB_H
| #  include <stdlib.h>
| # endif
| #endif
| #ifdef HAVE_STRING_H
| # if !defined STDC_HEADERS && defined HAVE_MEMORY_H
| #  include <memory.h>
| # endif
| # include <string.h>
| #endif
| #ifdef HAVE_STRINGS_H
| # include <strings.h>
| #endif
| #ifdef HAVE_INTTYPES_H
| # include <inttypes.h>
| #endif
| #ifdef HAVE_STDINT_H
| # include <stdint.h>
| #endif
| #ifdef HAVE_UNISTD_H
| # include <unistd.h>
| #endif
| int
| main ()
| {
| if (sizeof ((mode_t)))
| 	    return 0;
|   ;
|   return 0;
| }
configure:15897: result: yes
configure:15908: checking for pid_t
configure:15908: gcc -c -g -O2  conftest.c >&5
configure:15908: $? = 0
configure:15908: gcc -c -g -O2  conftest.c >&5
conftest.c: In function 'main':
conftest.c:72:20: error: expected expression before ')' token
 if (sizeof ((pid_t)))
                    ^
configure:15908: $? = 1
configure: failed program was:
| /* confdefs.h */
| #define PACKAGE_NAME "gist-ka"
| #define PACKAGE_TARNAME "gist-ka"
| #define PACKAGE_VERSION "0.97"
| #define PACKAGE_STRING "gist-ka 0.97"
| #define PACKAGE_BUGREPORT "roland.bless@kit.edu"
| #define PACKAGE_URL ""
| #define PACKAGE "gist-ka"
| #define VERSION "0.97"
| #define STDC_HEADERS 1
| #define HAVE_SYS_TYPES_H 1
| #define HAVE_SYS_STAT_H 1
| #define HAVE_STDLIB_H 1
| #define HAVE_STRING_H 1
| #define HAVE_MEMORY_H 1
| #define HAVE_STRINGS_H 1
| #define HAVE_INTTYPES_H 1
| #define HAVE_STDINT_H 1
| #define HAVE_UNISTD_H 1
| #define HAVE_DLFCN_H 1
| #define LT_OBJDIR ".libs/"
| #define HAVE_LIBCPPUNIT 1
| #define STDC_HEADERS 1
| #define HAVE_ARPA_INET_H 1
| #define HAVE_NETDB_H 1
| #define HAVE_NETINET_IN_H 1
| #define HAVE_STDLIB_H 1
| #define HAVE_STRING_H 1
| #define HAVE_SYS_PARAM_H 1
| #define HAVE_SYS_SOCKET_H 1
| #define HAVE_SYS_TIME_H 1
| #define HAVE_UNISTD_H 1
| #define HAVE__BOOL 1
| #define HAVE_STDBOOL_H 1
| /* end confdefs.h.  */
| #include <stdio.h>
| #ifdef HAVE_SYS_TYPES_H
| # include <sys/types.h>
| #endif
| #ifdef HAVE_SYS_STAT_H
| # include <sys/stat.h>
| #endif
| #ifdef STDC_HEADERS
| # include <stdlib.h>
| # include <stddef.h>
| #else
| # ifdef HAVE_STDLIB_H
| #  include <stdlib.h>
| # endif
| #endif
| #ifdef HAVE_STRING_H
| # if !defined STDC_HEADERS && defined HAVE_MEMORY_H
| #  include <memory.h>
| # endif
| # include <string.h>
| #endif
| #ifdef HAVE_STRINGS_H
| # include <strings.h>
| #endif
| #ifdef HAVE_INTTYPES_H
| # include <inttypes.h>
| #endif
| #ifdef HAVE_STDINT_H
| # include <stdint.h>
| #endif
| #ifdef HAVE_UNISTD_H
| # include <unistd.h>
| #endif
| int
| main ()
| {
| if (sizeof ((pid_t)))
| 	    return 0;
|   ;
|   return 0;
| }
configure:15908: result: yes
configure:15919: checking for size_t
configure:15919: gcc -c -g -O2  conftest.c >&5
configure:15919: $? = 0
configure:15919: gcc -c -g -O2  conftest.c >&5
conftest.c: In function 'main':
conftest.c:72:21: error: expected expression before ')' token
 if (sizeof ((size_t)))
                     ^
configure:15919: $? = 1
configure: failed program was:
| /* confdefs.h */
| #define PACKAGE_NAME "gist-ka"
| #define PACKAGE_TARNAME "gist-ka"
| #define PACKAGE_VERSION "0.97"
| #define PACKAGE_STRING "gist-ka 0.97"
| #define PACKAGE_BUGREPORT "roland.bless@kit.edu"
| #define PACKAGE_URL ""
| #define PACKAGE "gist-ka"
| #define VERSION "0.97"
| #define STDC_HEADERS 1
| #define HAVE_SYS_TYPES_H 1
| #define HAVE_SYS_STAT_H 1
| #define HAVE_STDLIB_H 1
| #define HAVE_STRING_H 1
| #define HAVE_MEMORY_H 1
| #define HAVE_STRINGS_H 1
| #define HAVE_INTTYPES_H 1
| #define HAVE_STDINT_H 1
| #define HAVE_UNISTD_H 1
| #define HAVE_DLFCN_H 1
| #define LT_OBJDIR ".libs/"
| #define HAVE_LIBCPPUNIT 1
| #define STDC_HEADERS 1
| #define HAVE_ARPA_INET_H 1
| #define HAVE_NETDB_H 1
| #define HAVE_NETINET_IN_H 1
| #define HAVE_STDLIB_H 1
| #define HAVE_STRING_H 1
| #define HAVE_SYS_PARAM_H 1
| #define HAVE_SYS_SOCKET_H 1
| #define HAVE_SYS_TIME_H 1
| #define HAVE_UNISTD_H 1
| #define HAVE__BOOL 1
| #define HAVE_STDBOOL_H 1
| /* end confdefs.h.  */
| #include <stdio.h>
| #ifdef HAVE_SYS_TYPES_H
| # include <sys/types.h>
| #endif
| #ifdef HAVE_SYS_STAT_H
| # include <sys/stat.h>
| #endif
| #ifdef STDC_HEADERS
| # include <stdlib.h>
| # include <stddef.h>
| #else
| # ifdef HAVE_STDLIB_H
| #  include <stdlib.h>
| # endif
| #endif
| #ifdef HAVE_STRING_H
| # if !defined STDC_HEADERS && defined HAVE_MEMORY_H
| #  include <memory.h>
| # endif
| # include <string.h>
| #endif
| #ifdef HAVE_STRINGS_H
| # include <strings.h>
| #endif
| #ifdef HAVE_INTTYPES_H
| # include <inttypes.h>
| #endif
| #ifdef HAVE_STDINT_H
| # include <stdint.h>
| #endif
| #ifdef HAVE_UNISTD_H
| # include <unistd.h>
| #endif
| int
| main ()
| {
| if (sizeof ((size_t)))
| 	    return 0;
|   ;
|   return 0;
| }
configure:15919: result: yes
configure:15930: checking for ssize_t
configure:15930: gcc -c -g -O2  conftest.c >&5
configure:15930: $? = 0
configure:15930: gcc -c -g -O2  conftest.c >&5
conftest.c: In function 'main':
conftest.c:72:22: error: expected expression before ')' token
 if (sizeof ((ssize_t)))
                      ^
configure:15930: $? = 1
configure: failed program was:
| /* confdefs.h */
| #define PACKAGE_NAME "gist-ka"
| #define PACKAGE_TARNAME "gist-ka"
| #define PACKAGE_VERSION "0.97"
| #define PACKAGE_STRING "gist-ka 0.97"
| #define PACKAGE_BUGREPORT "roland.bless@kit.edu"
| #define PACKAGE_URL ""
| #define PACKAGE "gist-ka"
| #define VERSION "0.97"
| #define STDC_HEADERS 1
| #define HAVE_SYS_TYPES_H 1
| #define HAVE_SYS_STAT_H 1
| #define HAVE_STDLIB_H 1
| #define HAVE_STRING_H 1
| #define HAVE_MEMORY_H 1
| #define HAVE_STRINGS_H 1
| #define HAVE_INTTYPES_H 1
| #define HAVE_STDINT_H 1
| #define HAVE_UNISTD_H 1
| #define HAVE_DLFCN_H 1
| #define LT_OBJDIR ".libs/"
| #define HAVE_LIBCPPUNIT 1
| #define STDC_HEADERS 1
| #define HAVE_ARPA_INET_H 1
| #define HAVE_NETDB_H 1
| #define HAVE_NETINET_IN_H 1
| #define HAVE_STDLIB_H 1
| #define HAVE_STRING_H 1
| #define HAVE_SYS_PARAM_H 1
| #define HAVE_SYS_SOCKET_H 1
| #define HAVE_SYS_TIME_H 1
| #define HAVE_UNISTD_H 1
| #define HAVE__BOOL 1
| #define HAVE_STDBOOL_H 1
| /* end confdefs.h.  */
| #include <stdio.h>
| #ifdef HAVE_SYS_TYPES_H
| # include <sys/types.h>
| #endif
| #ifdef HAVE_SYS_STAT_H
| # include <sys/stat.h>
| #endif
| #ifdef STDC_HEADERS
| # include <stdlib.h>
| # include <stddef.h>
| #else
| # ifdef HAVE_STDLIB_H
| #  include <stdlib.h>
| # endif
| #endif
| #ifdef HAVE_STRING_H
| # if !defined STDC_HEADERS && defined HAVE_MEMORY_H
| #  include <memory.h>
| # endif
| # include <string.h>
| #endif
| #ifdef HAVE_STRINGS_H
| # include <strings.h>
| #endif
| #ifdef HAVE_INTTYPES_H
| # include <inttypes.h>
| #endif
| #ifdef HAVE_STDINT_H
| # include <stdint.h>
| #endif
| #ifdef HAVE_UNISTD_H
| # include <unistd.h>
| #endif
| int
| main ()
| {
| if (sizeof ((ssize_t)))
| 	    return 0;
|   ;
|   return 0;
| }
configure:15930: result: yes
configure:15941: checking whether time.h and sys/time.h may both be included
configure:15961: gcc -c -g -O2  conftest.c >&5
configure:15961: $? = 0
configure:15968: result: yes
configure:15976: checking whether struct tm is in sys/time.h or time.h
configure:15996: gcc -c -g -O2  conftest.c >&5
configure:15996: $? = 0
configure:16003: result: time.h
configure:16011: checking for uint32_t
configure:16011: gcc -c -g -O2  conftest.c >&5
configure:16011: $? = 0
configure:16011: result: yes
configure:16027: checking for error_at_line
configure:16043: gcc -o conftest -g -O2   conftest.c -lcppunit  >&5
configure:16043: $? = 0
configure:16051: result: yes
configure:16062: checking for working memcmp
configure:16105: gcc -o conftest -g -O2   conftest.c -lcppunit  >&5
configure:16105: $? = 0
configure:16105: ./conftest
configure:16105: $? = 0
configure:16115: result: yes
configure:16124: checking return type of signal handlers
configure:16142: gcc -c -g -O2  conftest.c >&5
conftest.c: In function 'main':
conftest.c:43:1: error: void value not ignored as it ought to be
 return *(signal (0, 0)) (0) == 1;
 ^
configure:16142: $? = 1
configure: failed program was:
| /* confdefs.h */
| #define PACKAGE_NAME "gist-ka"
| #define PACKAGE_TARNAME "gist-ka"
| #define PACKAGE_VERSION "0.97"
| #define PACKAGE_STRING "gist-ka 0.97"
| #define PACKAGE_BUGREPORT "roland.bless@kit.edu"
| #define PACKAGE_URL ""
| #define PACKAGE "gist-ka"
| #define VERSION "0.97"
| #define STDC_HEADERS 1
| #define HAVE_SYS_TYPES_H 1
| #define HAVE_SYS_STAT_H 1
| #define HAVE_STDLIB_H 1
| #define HAVE_STRING_H 1
| #define HAVE_MEMORY_H 1
| #define HAVE_STRINGS_H 1
| #define HAVE_INTTYPES_H 1
| #define HAVE_STDINT_H 1
| #define HAVE_UNISTD_H 1
| #define HAVE_DLFCN_H 1
| #define LT_OBJDIR ".libs/"
| #define HAVE_LIBCPPUNIT 1
| #define STDC_HEADERS 1
| #define HAVE_ARPA_INET_H 1
| #define HAVE_NETDB_H 1
| #define HAVE_NETINET_IN_H 1
| #define HAVE_STDLIB_H 1
| #define HAVE_STRING_H 1
| #define HAVE_SYS_PARAM_H 1
| #define HAVE_SYS_SOCKET_H 1
| #define HAVE_SYS_TIME_H 1
| #define HAVE_UNISTD_H 1
| #define HAVE__BOOL 1
| #define HAVE_STDBOOL_H 1
| #define TIME_WITH_SYS_TIME 1
| /* end confdefs.h.  */
| #include <sys/types.h>
| #include <signal.h>
| 
| int
| main ()
| {
| return *(signal (0, 0)) (0) == 1;
|   ;
|   return 0;
| }
configure:16149: result: void
configure:16160: checking for gethostname
configure:16160: gcc -o conftest -g -O2   conftest.c -lcppunit  >&5
configure:16160: $? = 0
configure:16160: result: yes
configure:16160: checking for gettimeofday
configure:16160: gcc -o conftest -g -O2   conftest.c -lcppunit  >&5
configure:16160: $? = 0
configure:16160: result: yes
configure:16160: checking for memset
configure:16160: gcc -o conftest -g -O2   conftest.c -lcppunit  >&5
conftest.c:63:6: warning: conflicting types for built-in function 'memset' [enabled by default]
 char memset ();
      ^
configure:16160: $? = 0
configure:16160: result: yes
configure:16160: checking for socket
configure:16160: gcc -o conftest -g -O2   conftest.c -lcppunit  >&5
configure:16160: $? = 0
configure:16160: result: yes
configure:16160: checking for strerror
configure:16160: gcc -o conftest -g -O2   conftest.c -lcppunit  >&5
configure:16160: $? = 0
configure:16160: result: yes
configure:16180: checking whether unordered_map is available
configure:16196: g++ -c -std=c++0x  conftest.cpp >&5
configure:16196: $? = 0
configure:16203: result: yes
configure:16286: checking for nfq_get_payload in -lnetfilter_queue
configure:16311: g++ -o conftest -g -O2   conftest.cpp -lnetfilter_queue  -lcppunit  >&5
configure:16311: $? = 0
configure:16320: result: yes
configure:16393: pkgconfig directory is ${libdir}/pkgconfig
configure:16545: checking that generated files are newer than configure
configure:16551: result: done
configure:16598: creating ./config.status

## ---------------------- ##
## Running config.status. ##
## ---------------------- ##

This file was extended by gist-ka config.status 0.97, which was
generated by GNU Autoconf 2.69.  Invocation command line was

  CONFIG_FILES    = 
  CONFIG_HEADERS  = 
  CONFIG_LINKS    = 
  CONFIG_COMMANDS = 
  $ ./config.status 

on luis-VirtualBox

config.status:1082: creating Makefile
config.status:1082: creating libgist-0.0.pc
config.status:1082: creating src/Makefile
config.status:1082: creating test/Makefile
config.status:1254: executing depfiles commands
config.status:1254: executing libtool commands

## ---------------- ##
## Cache variables. ##
## ---------------- ##

ac_cv_build=x86_64-unknown-linux-gnu
ac_cv_c_compiler_gnu=yes
ac_cv_c_const=yes
ac_cv_c_inline=inline
ac_cv_c_uint32_t=yes
ac_cv_cxx_compiler_gnu=yes
ac_cv_env_CCC_set=
ac_cv_env_CCC_value=
ac_cv_env_CC_set=
ac_cv_env_CC_value=
ac_cv_env_CFLAGS_set=
ac_cv_env_CFLAGS_value=
ac_cv_env_CPPFLAGS_set=
ac_cv_env_CPPFLAGS_value=
ac_cv_env_CPP_set=
ac_cv_env_CPP_value=
ac_cv_env_CXXCPP_set=
ac_cv_env_CXXCPP_value=
ac_cv_env_CXXFLAGS_set=
ac_cv_env_CXXFLAGS_value=
ac_cv_env_CXX_set=
ac_cv_env_CXX_value=
ac_cv_env_LDFLAGS_set=
ac_cv_env_LDFLAGS_value=
ac_cv_env_LIBS_set=
ac_cv_env_LIBS_value=
ac_cv_env_build_alias_set=
ac_cv_env_build_alias_value=
ac_cv_env_host_alias_set=
ac_cv_env_host_alias_value=
ac_cv_env_target_alias_set=
ac_cv_env_target_alias_value=
ac_cv_func_gethostname=yes
ac_cv_func_gettimeofday=yes
ac_cv_func_memcmp_working=yes
ac_cv_func_memset=yes
ac_cv_func_socket=yes
ac_cv_func_strerror=yes
ac_cv_header_arpa_inet_h=yes
ac_cv_header_dlfcn_h=yes
ac_cv_header_inttypes_h=yes
ac_cv_header_memory_h=yes
ac_cv_header_netdb_h=yes
ac_cv_header_netinet_in_h=yes
ac_cv_header_stdbool_h=yes
ac_cv_header_stdc=yes
ac_cv_header_stdint_h=yes
ac_cv_header_stdlib_h=yes
ac_cv_header_string_h=yes
ac_cv_header_strings_h=yes
ac_cv_header_sys_param_h=yes
ac_cv_header_sys_socket_h=yes
ac_cv_header_sys_stat_h=yes
ac_cv_header_sys_time_h=yes
ac_cv_header_sys_types_h=yes
ac_cv_header_time=yes
ac_cv_header_unistd_h=yes
ac_cv_host=x86_64-unknown-linux-gnu
ac_cv_lib_cppunit_main=yes
ac_cv_lib_error_at_line=yes
ac_cv_lib_netfilter_queue_nfq_get_payload=yes
ac_cv_objext=o
ac_cv_path_EGREP='/bin/grep -E'
ac_cv_path_FGREP='/bin/grep -F'
ac_cv_path_GREP=/bin/grep
ac_cv_path_SED=/bin/sed
ac_cv_path_install='/usr/bin/install -c'
ac_cv_path_mkdir=/bin/mkdir
ac_cv_prog_AWK=gawk
ac_cv_prog_CPP='gcc -E'
ac_cv_prog_CXXCPP='g++ -E'
ac_cv_prog_ac_ct_AR=ar
ac_cv_prog_ac_ct_CC=gcc
ac_cv_prog_ac_ct_CXX=g++
ac_cv_prog_ac_ct_MANIFEST_TOOL=mt
ac_cv_prog_ac_ct_OBJDUMP=objdump
ac_cv_prog_ac_ct_RANLIB=ranlib
ac_cv_prog_ac_ct_STRIP=strip
ac_cv_prog_cc_c89=
ac_cv_prog_cc_g=yes
ac_cv_prog_cxx_g=yes
ac_cv_prog_make_make_set=yes
ac_cv_struct_tm=time.h
ac_cv_type__Bool=yes
ac_cv_type_mode_t=yes
ac_cv_type_pid_t=yes
ac_cv_type_signal=void
ac_cv_type_size_t=yes
ac_cv_type_ssize_t=yes
ac_cv_unordered_map_exists=yes
am_cv_CC_dependencies_compiler_type=gcc3
am_cv_CXX_dependencies_compiler_type=gcc3
am_cv_ar_interface=ar
am_cv_make_support_nested_variables=yes
am_cv_prog_cc_c_o=yes
lt_cv_ar_at_file=@
lt_cv_archive_cmds_need_lc=no
lt_cv_deplibs_check_method=pass_all
lt_cv_file_magic_cmd='$MAGIC_CMD'
lt_cv_file_magic_test_file=
lt_cv_ld_reload_flag=-r
lt_cv_nm_interface='BSD nm'
lt_cv_objdir=.libs
lt_cv_path_LD=/usr/bin/ld
lt_cv_path_LDCXX='/usr/bin/ld -m elf_x86_64'
lt_cv_path_NM='/usr/bin/nm -B'
lt_cv_path_mainfest_tool=no
lt_cv_prog_compiler_c_o=yes
lt_cv_prog_compiler_c_o_CXX=yes
lt_cv_prog_compiler_pic='-fPIC -DPIC'
lt_cv_prog_compiler_pic_CXX='-fPIC -DPIC'
lt_cv_prog_compiler_pic_works=yes
lt_cv_prog_compiler_pic_works_CXX=yes
lt_cv_prog_compiler_rtti_exceptions=no
lt_cv_prog_compiler_static_works=yes
lt_cv_prog_compiler_static_works_CXX=yes
lt_cv_prog_gnu_ld=yes
lt_cv_prog_gnu_ldcxx=yes
lt_cv_sharedlib_from_linklib_cmd='printf %s\n'
lt_cv_shlibpath_overrides_runpath=no
lt_cv_sys_global_symbol_pipe='sed -n -e '\''s/^.*[	 ]\([ABCDGIRSTW][ABCDGIRSTW]*\)[	 ][	 ]*\([_A-Za-z][_A-Za-z0-9]*\)$/\1 \2 \2/p'\'' | sed '\''/ __gnu_lto/d'\'''
lt_cv_sys_global_symbol_to_c_name_address='sed -n -e '\''s/^: \([^ ]*\)[ ]*$/  {\"\1\", (void *) 0},/p'\'' -e '\''s/^[ABCDGIRSTW]* \([^ ]*\) \([^ ]*\)$/  {"\2", (void *) \&\2},/p'\'''
lt_cv_sys_global_symbol_to_c_name_address_lib_prefix='sed -n -e '\''s/^: \([^ ]*\)[ ]*$/  {\"\1\", (void *) 0},/p'\'' -e '\''s/^[ABCDGIRSTW]* \([^ ]*\) \(lib[^ ]*\)$/  {"\2", (void *) \&\2},/p'\'' -e '\''s/^[ABCDGIRSTW]* \([^ ]*\) \([^ ]*\)$/  {"lib\2", (void *) \&\2},/p'\'''
lt_cv_sys_global_symbol_to_cdecl='sed -n -e '\''s/^T .* \(.*\)$/extern int \1();/p'\'' -e '\''s/^[ABCDGIRSTW]* .* \(.*\)$/extern char \1;/p'\'''
lt_cv_sys_max_cmd_len=1572864
lt_cv_to_host_file_cmd=func_convert_file_noop
lt_cv_to_tool_file_cmd=func_convert_file_noop

## ----------------- ##
## Output variables. ##
## ----------------- ##

ACLOCAL='aclocal-1.14'
AMDEPBACKSLASH='\'
AMDEP_FALSE='#'
AMDEP_TRUE=''
AMTAR='$${TAR-tar}'
AM_BACKSLASH='\'
AM_DEFAULT_V='$(AM_DEFAULT_VERBOSITY)'
AM_DEFAULT_VERBOSITY='1'
AM_V='$(V)'
AR='ar'
AUTOCONF='autoconf'
AUTOHEADER='autoheader'
AUTOMAKE='automake-1.14'
AWK='gawk'
CC='gcc'
CCDEPMODE='depmode=gcc3'
CFLAGS='-g -O2'
CPP='gcc -E'
CPPFLAGS=''
CXX='g++'
CXXCPP='g++ -E'
CXXDEPMODE='depmode=gcc3'
CXXFLAGS='-g -O2'
CYGPATH_W='echo'
DEFS='-DPACKAGE_NAME=\"gist-ka\" -DPACKAGE_TARNAME=\"gist-ka\" -DPACKAGE_VERSION=\"0.97\" -DPACKAGE_STRING=\"gist-ka\ 0.97\" -DPACKAGE_BUGREPORT=\"roland.bless@kit.edu\" -DPACKAGE_URL=\"\" -DPACKAGE=\"gist-ka\" -DVERSION=\"0.97\" -DSTDC_HEADERS=1 -DHAVE_SYS_TYPES_H=1 -DHAVE_SYS_STAT_H=1 -DHAVE_STDLIB_H=1 -DHAVE_STRING_H=1 -DHAVE_MEMORY_H=1 -DHAVE_STRINGS_H=1 -DHAVE_INTTYPES_H=1 -DHAVE_STDINT_H=1 -DHAVE_UNISTD_H=1 -DHAVE_DLFCN_H=1 -DLT_OBJDIR=\".libs/\" -DHAVE_LIBCPPUNIT=1 -DSTDC_HEADERS=1 -DHAVE_ARPA_INET_H=1 -DHAVE_NETDB_H=1 -DHAVE_NETINET_IN_H=1 -DHAVE_STDLIB_H=1 -DHAVE_STRING_H=1 -DHAVE_SYS_PARAM_H=1 -DHAVE_SYS_SOCKET_H=1 -DHAVE_SYS_TIME_H=1 -DHAVE_UNISTD_H=1 -DHAVE__BOOL=1 -DHAVE_STDBOOL_H=1 -DTIME_WITH_SYS_TIME=1 -DRETSIGTYPE=void -DHAVE_GETHOSTNAME=1 -DHAVE_GETTIMEOFDAY=1 -DHAVE_MEMSET=1 -DHAVE_SOCKET=1 -DHAVE_STRERROR=1 -DHAVE_LIBNETFILTER_QUEUE=1'
DEPDIR='.deps'
DLLTOOL='false'
DSYMUTIL=''
DUMPBIN=''
ECHO_C=''
ECHO_N='-n'
ECHO_T=''
EGREP='/bin/grep -E'
EXEEXT=''
FGREP='/bin/grep -F'
GIST_NO_WARN_HASHMAP_FALSE='#'
GIST_NO_WARN_HASHMAP_TRUE=''
GREP='/bin/grep'
INSTALL_DATA='${INSTALL} -m 644'
INSTALL_PROGRAM='${INSTALL}'
INSTALL_SCRIPT='${INSTALL}'
INSTALL_STRIP_PROGRAM='$(install_sh) -c -s'
LD='/usr/bin/ld -m elf_x86_64'
LDFLAGS=''
LIBOBJS=''
LIBS='-lnetfilter_queue -lcppunit '
LIBTOOL='$(SHELL) $(top_builddir)/libtool'
LIPO=''
LN_S='ln -s'
LTLIBOBJS=''
MAKEINFO='makeinfo'
MANIFEST_TOOL=':'
MKDIR_P='/bin/mkdir -p'
NM='/usr/bin/nm -B'
NMEDIT=''
NTLP_DEBUG_FALSE='#'
NTLP_DEBUG_TRUE=''
OBJDUMP='objdump'
OBJEXT='o'
OTOOL64=''
OTOOL=''
PACKAGE='gist-ka'
PACKAGE_BUGREPORT='roland.bless@kit.edu'
PACKAGE_NAME='gist-ka'
PACKAGE_STRING='gist-ka 0.97'
PACKAGE_TARNAME='gist-ka'
PACKAGE_URL=''
PACKAGE_VERSION='0.97'
PATH_SEPARATOR=':'
PROTLIB_WITH_NFQ_FALSE='#'
PROTLIB_WITH_NFQ_TRUE=''
RANLIB='ranlib'
SED='/bin/sed'
SET_MAKE=''
SHELL='/bin/bash'
STRIP='strip'
USE_WITH_FLOWINFO_FALSE=''
USE_WITH_FLOWINFO_TRUE='#'
USE_WITH_SCTP_FALSE=''
USE_WITH_SCTP_TRUE='#'
VERSION='0.97'
ac_ct_AR='ar'
ac_ct_CC='gcc'
ac_ct_CXX='g++'
ac_ct_DUMPBIN=''
am__EXEEXT_FALSE=''
am__EXEEXT_TRUE='#'
am__fastdepCC_FALSE='#'
am__fastdepCC_TRUE=''
am__fastdepCXX_FALSE='#'
am__fastdepCXX_TRUE=''
am__include='include'
am__isrc=''
am__leading_dot='.'
am__nodep='_no'
am__quote=''
am__tar='$${TAR-tar} chof - "$$tardir"'
am__untar='$${TAR-tar} xf -'
bindir='${exec_prefix}/bin'
build='x86_64-unknown-linux-gnu'
build_alias=''
build_cpu='x86_64'
build_os='linux-gnu'
build_vendor='unknown'
datadir='${datarootdir}'
datarootdir='${prefix}/share'
docdir='${datarootdir}/doc/${PACKAGE_TARNAME}'
dvidir='${docdir}'
exec_prefix='${prefix}'
host='x86_64-unknown-linux-gnu'
host_alias=''
host_cpu='x86_64'
host_os='linux-gnu'
host_vendor='unknown'
htmldir='${docdir}'
includedir='${prefix}/include'
infodir='${datarootdir}/info'
install_sh='${SHELL} /home/luis/nsis-ka-0.97/ntlp/install-sh'
libdir='${exec_prefix}/lib'
libexecdir='${exec_prefix}/libexec'
localedir='${datarootdir}/locale'
localstatedir='${prefix}/var'
mandir='${datarootdir}/man'
mkdir_p='$(MKDIR_P)'
oldincludedir='/usr/include'
pdfdir='${docdir}'
pkgconfigdir='${libdir}/pkgconfig'
prefix='/usr/local'
program_transform_name='s,x,x,'
psdir='${docdir}'
sbindir='${exec_prefix}/sbin'
sharedstatedir='${prefix}/com'
sysconfdir='${prefix}/etc'
target_alias=''

## ----------- ##
## confdefs.h. ##
## ----------- ##

/* confdefs.h */
#define PACKAGE_NAME "gist-ka"
#define PACKAGE_TARNAME "gist-ka"
#define PACKAGE_VERSION "0.97"
#define PACKAGE_STRING "gist-ka 0.97"
#define PACKAGE_BUGREPORT "roland.bless@kit.edu"
#define PACKAGE_URL ""
#define PACKAGE "gist-ka"
#define VERSION "0.97"
#define STDC_HEADERS 1
#define HAVE_SYS_TYPES_H 1
#define HAVE_SYS_STAT_H 1
#define HAVE_STDLIB_H 1
#define HAVE_STRING_H 1
#define HAVE_MEMORY_H 1
#define HAVE_STRINGS_H 1
#define HAVE_INTTYPES_H 1
#define HAVE_STDINT_H 1
#define HAVE_UNISTD_H 1
#define HAVE_DLFCN_H 1
#define LT_OBJDIR ".libs/"
#define HAVE_LIBCPPUNIT 1
#define STDC_HEADERS 1
#define HAVE_ARPA_INET_H 1
#define HAVE_NETDB_H 1
#define HAVE_NETINET_IN_H 1
#define HAVE_STDLIB_H 1
#define HAVE_STRING_H 1
#define HAVE_SYS_PARAM_H 1
#define HAVE_SYS_SOCKET_H 1
#define HAVE_SYS_TIME_H 1
#define HAVE_UNISTD_H 1
#define HAVE__BOOL 1
#define HAVE_STDBOOL_H 1
#define TIME_WITH_SYS_TIME 1
#define RETSIGTYPE void
#define HAVE_GETHOSTNAME 1
#define HAVE_GETTIMEOFDAY 1
#define HAVE_MEMSET 1
#define HAVE_SOCKET 1
#define HAVE_STRERROR 1
#define HAVE_LIBNETFILTER_QUEUE 1

configure: exit 0
